#
# A fatal error has been detected by the Java Runtime Environment:
#
#  Internal Error (classFileParser.cpp:3494), pid=20313, tid=140170539435776
#  Error: ShouldNotReachHere()
#
# JRE version: 6.0_24-b24
# Java VM: OpenJDK 64-Bit Server VM (20.0-b12 mixed mode linux-amd64 compressed oops)
# Derivative: IcedTea6 1.11.4
# Distribution: Ubuntu 12.04 LTS, package 6b24-1.11.4-1ubuntu0.12.04.1
# If you would like to submit a bug report, please include
# instructions how to reproduce the bug and visit:
#   https://bugs.launchpad.net/ubuntu/+source/openjdk-6/
#

---------------  T H R E A D  ---------------

Current thread (0x00007f7bf800a800):  JavaThread "Unknown thread" [_thread_in_vm, id=20316, stack(0x00007f7bff260000,0x00007f7bff361000)]

Stack: [0x00007f7bff260000,0x00007f7bff361000],  sp=0x00007f7bff35f080,  free space=1020k
Native frames: (J=compiled Java code, j=interpreted, Vv=VM code, C=native code)
V  [libjvm.so+0x7836d5]  VMError::report(outputStream*)+0x1255
V  [libjvm.so+0x783959]  VMError::report_and_die()+0x169
V  [libjvm.so+0x3bb18a]  report_vm_error(char const*, int, char const*, char const*)+0x4a
V  [libjvm.so+0x351555]  ClassFileParser::parseClassFile(symbolHandle, Handle, Handle, KlassHandle, GrowableArray<Handle>*, symbolHandle&, bool, Thread*)+0x1545
V  [libjvm.so+0x3557b3]  ClassLoader::load_classfile(symbolHandle, Thread*)+0x1f3
V  [libjvm.so+0x71b894]  SystemDictionary::load_instance_class(symbolHandle, Handle, Thread*)+0x354
V  [libjvm.so+0x719fa0]  SystemDictionary::resolve_instance_class_or_null(symbolHandle, Handle, Handle, Thread*)+0x7c0
V  [libjvm.so+0x71bf23]  SystemDictionary::resolve_or_fail(symbolHandle, Handle, Handle, bool, Thread*)+0x33
V  [libjvm.so+0x71c004]  SystemDictionary::resolve_or_fail(symbolHandle, bool, Thread*)+0x14
V  [libjvm.so+0x71c0b0]  SystemDictionary::initialize_wk_klass(SystemDictionary::WKID, int, Thread*)+0xa0
V  [libjvm.so+0x71c119]  SystemDictionary::initialize_wk_klasses_until(SystemDictionary::WKID, SystemDictionary::WKID&, Thread*)+0x59
V  [libjvm.so+0x71c211]  SystemDictionary::initialize_preloaded_classes(Thread*)+0x71
V  [libjvm.so+0x75fa8f]  Universe::genesis(Thread*)+0x11f
V  [libjvm.so+0x76043f]  universe2_init()+0x1f
V  [libjvm.so+0x473f25]  init_globals()+0x95
V  [libjvm.so+0x74a3ca]  Threads::create_vm(JavaVMInitArgs*, bool*)+0x1ea
V  [libjvm.so+0x4cdbf1]  JNI_CreateJavaVM+0x61
C  [java+0x317e]  JavaMain+0x7e


---------------  P R O C E S S  ---------------

Java Threads: ( => current thread )

Other Threads:

=>0x00007f7bf800a800 (exited) JavaThread "Unknown thread" [_thread_in_vm, id=20316, stack(0x00007f7bff260000,0x00007f7bff361000)]

VM state:not at safepoint (not fully initialized)

VM Mutex/Monitor currently owned by a thread: None

Dynamic libraries:
00400000-00409000 r-xp 00000000 07:00 445595                             /usr/lib/jvm/java-6-openjdk-amd64/jre/bin/java
00608000-00609000 r--p 00008000 07:00 445595                             /usr/lib/jvm/java-6-openjdk-amd64/jre/bin/java
00609000-0060a000 rw-p 00009000 07:00 445595                             /usr/lib/jvm/java-6-openjdk-amd64/jre/bin/java
01c1c000-01c3d000 rw-p 00000000 00:00 0                                  [heap]
c0000000-c14c0000 rw-p 00000000 00:00 0 
c14c0000-ca600000 rw-p 00000000 00:00 0 
ca600000-cc9c0000 rw-p 00000000 00:00 0 
cc9c0000-ee200000 rw-p 00000000 00:00 0 
ee200000-ef3e0000 rw-p 00000000 00:00 0 
ef3e0000-100000000 rw-p 00000000 00:00 0 
7f7be8000000-7f7be8021000 rw-p 00000000 00:00 0 
7f7be8021000-7f7bec000000 ---p 00000000 00:00 0 
7f7bf0000000-7f7bf0021000 rw-p 00000000 00:00 0 
7f7bf0021000-7f7bf4000000 ---p 00000000 00:00 0 
7f7bf4381000-7f7bf4443000 r--s 010b9000 07:00 2182174                    /home/kevin/android-sdks/platforms/android-16/android.jar
7f7bf4443000-7f7bf446b000 rw-p 00000000 00:00 0 
7f7bf446b000-7f7bf446c000 ---p 00000000 00:00 0 
7f7bf446c000-7f7bf456c000 rw-p 00000000 00:00 0 
7f7bf456c000-7f7bf456d000 ---p 00000000 00:00 0 
7f7bf456d000-7f7bf4678000 rw-p 00000000 00:00 0 
7f7bf4678000-7f7bf46c0000 rw-p 00000000 00:00 0 
7f7bf46c0000-7f7bf46d2000 rw-p 00000000 00:00 0 
7f7bf46d2000-7f7bf47de000 rw-p 00000000 00:00 0 
7f7bf47de000-7f7bf47e9000 rw-p 00000000 00:00 0 
7f7bf47e9000-7f7bf4831000 rw-p 00000000 00:00 0 
7f7bf4831000-7f7bf4843000 rw-p 00000000 00:00 0 
7f7bf4843000-7f7bf494f000 rw-p 00000000 00:00 0 
7f7bf494f000-7f7bf4958000 rw-p 00000000 00:00 0 
7f7bf4958000-7f7bf49de000 rw-p 00000000 00:00 0 
7f7bf49de000-7f7bf49df000 rw-p 00000000 00:00 0 
7f7bf49df000-7f7bf4c4f000 rwxp 00000000 00:00 0 
7f7bf4c4f000-7f7bf79df000 rw-p 00000000 00:00 0 
7f7bf79df000-7f7bf79e6000 r-xp 00000000 07:00 442514                     /usr/lib/jvm/java-6-openjdk-amd64/jre/lib/amd64/libzip.so
7f7bf79e6000-7f7bf7be5000 ---p 00007000 07:00 442514                     /usr/lib/jvm/java-6-openjdk-amd64/jre/lib/amd64/libzip.so
7f7bf7be5000-7f7bf7be6000 r--p 00006000 07:00 442514                     /usr/lib/jvm/java-6-openjdk-amd64/jre/lib/amd64/libzip.so
7f7bf7be6000-7f7bf7be7000 rw-p 00007000 07:00 442514                     /usr/lib/jvm/java-6-openjdk-amd64/jre/lib/amd64/libzip.so
7f7bf7be7000-7f7bf7bf3000 r-xp 00000000 07:00 1882165                    /lib/x86_64-linux-gnu/libnss_files-2.15.so
7f7bf7bf3000-7f7bf7df2000 ---p 0000c000 07:00 1882165                    /lib/x86_64-linux-gnu/libnss_files-2.15.so
7f7bf7df2000-7f7bf7df3000 r--p 0000b000 07:00 1882165                    /lib/x86_64-linux-gnu/libnss_files-2.15.so
7f7bf7df3000-7f7bf7df4000 rw-p 0000c000 07:00 1882165                    /lib/x86_64-linux-gnu/libnss_files-2.15.so
7f7bf7df4000-7f7bf7dfe000 r-xp 00000000 07:00 1882161                    /lib/x86_64-linux-gnu/libnss_nis-2.15.so
7f7bf7dfe000-7f7bf7ffe000 ---p 0000a000 07:00 1882161                    /lib/x86_64-linux-gnu/libnss_nis-2.15.so
7f7bf7ffe000-7f7bf7fff000 r--p 0000a000 07:00 1882161                    /lib/x86_64-linux-gnu/libnss_nis-2.15.so
7f7bf7fff000-7f7bf8000000 rw-p 0000b000 07:00 1882161                    /lib/x86_64-linux-gnu/libnss_nis-2.15.so
7f7bf8000000-7f7bf807e000 rw-p 00000000 00:00 0 
7f7bf807e000-7f7bfc000000 ---p 00000000 00:00 0 
7f7bfc022000-7f7bfc039000 r-xp 00000000 07:00 1882174                    /lib/x86_64-linux-gnu/libnsl-2.15.so
7f7bfc039000-7f7bfc238000 ---p 00017000 07:00 1882174                    /lib/x86_64-linux-gnu/libnsl-2.15.so
7f7bfc238000-7f7bfc239000 r--p 00016000 07:00 1882174                    /lib/x86_64-linux-gnu/libnsl-2.15.so
7f7bfc239000-7f7bfc23a000 rw-p 00017000 07:00 1882174                    /lib/x86_64-linux-gnu/libnsl-2.15.so
7f7bfc23a000-7f7bfc23c000 rw-p 00000000 00:00 0 
7f7bfc23c000-7f7bfc244000 r-xp 00000000 07:00 1882166                    /lib/x86_64-linux-gnu/libnss_compat-2.15.so
7f7bfc244000-7f7bfc443000 ---p 00008000 07:00 1882166                    /lib/x86_64-linux-gnu/libnss_compat-2.15.so
7f7bfc443000-7f7bfc444000 r--p 00007000 07:00 1882166                    /lib/x86_64-linux-gnu/libnss_compat-2.15.so
7f7bfc444000-7f7bfc445000 rw-p 00008000 07:00 1882166                    /lib/x86_64-linux-gnu/libnss_compat-2.15.so
7f7bfc445000-7f7bfc70e000 r--p 00000000 07:00 711681                     /usr/lib/locale/locale-archive
7f7bfc70e000-7f7bfc711000 r-xp 00000000 07:00 442484                     /usr/lib/jvm/java-6-openjdk-amd64/jre/lib/amd64/libnpt.so
7f7bfc711000-7f7bfc910000 ---p 00003000 07:00 442484                     /usr/lib/jvm/java-6-openjdk-amd64/jre/lib/amd64/libnpt.so
7f7bfc910000-7f7bfc911000 r--p 00002000 07:00 442484                     /usr/lib/jvm/java-6-openjdk-amd64/jre/lib/amd64/libnpt.so
7f7bfc911000-7f7bfc912000 rw-p 00003000 07:00 442484                     /usr/lib/jvm/java-6-openjdk-amd64/jre/lib/amd64/libnpt.so
7f7bfc912000-7f7bfc94c000 r-xp 00000000 07:00 442491                     /usr/lib/jvm/java-6-openjdk-amd64/jre/lib/amd64/libjdwp.so
7f7bfc94c000-7f7bfcb4b000 ---p 0003a000 07:00 442491                     /usr/lib/jvm/java-6-openjdk-amd64/jre/lib/amd64/libjdwp.so
7f7bfcb4b000-7f7bfcb4c000 r--p 00039000 07:00 442491                     /usr/lib/jvm/java-6-openjdk-amd64/jre/lib/amd64/libjdwp.so
7f7bfcb4c000-7f7bfcb4d000 rw-p 0003a000 07:00 442491                     /usr/lib/jvm/java-6-openjdk-amd64/jre/lib/amd64/libjdwp.so
7f7bfcb4d000-7f7bfcb79000 r-xp 00000000 07:00 442502                     /usr/lib/jvm/java-6-openjdk-amd64/jre/lib/amd64/libjava.so
7f7bfcb79000-7f7bfcd78000 ---p 0002c000 07:00 442502                     /usr/lib/jvm/java-6-openjdk-amd64/jre/lib/amd64/libjava.so
7f7bfcd78000-7f7bfcd79000 r--p 0002b000 07:00 442502                     /usr/lib/jvm/java-6-openjdk-amd64/jre/lib/amd64/libjava.so
7f7bfcd79000-7f7bfcd7c000 rw-p 0002c000 07:00 442502                     /usr/lib/jvm/java-6-openjdk-amd64/jre/lib/amd64/libjava.so
7f7bfcd7c000-7f7bfcd8a000 r-xp 00000000 07:00 442501                     /usr/lib/jvm/java-6-openjdk-amd64/jre/lib/amd64/libverify.so
7f7bfcd8a000-7f7bfcf89000 ---p 0000e000 07:00 442501                     /usr/lib/jvm/java-6-openjdk-amd64/jre/lib/amd64/libverify.so
7f7bfcf89000-7f7bfcf8b000 r--p 0000d000 07:00 442501                     /usr/lib/jvm/java-6-openjdk-amd64/jre/lib/amd64/libverify.so
7f7bfcf8b000-7f7bfcf8c000 rw-p 0000f000 07:00 442501                     /usr/lib/jvm/java-6-openjdk-amd64/jre/lib/amd64/libverify.so
7f7bfcf8c000-7f7bfcf93000 r-xp 00000000 07:00 1882159                    /lib/x86_64-linux-gnu/librt-2.15.so
7f7bfcf93000-7f7bfd192000 ---p 00007000 07:00 1882159                    /lib/x86_64-linux-gnu/librt-2.15.so
7f7bfd192000-7f7bfd193000 r--p 00006000 07:00 1882159                    /lib/x86_64-linux-gnu/librt-2.15.so
7f7bfd193000-7f7bfd194000 rw-p 00007000 07:00 1882159                    /lib/x86_64-linux-gnu/librt-2.15.so
7f7bfd194000-7f7bfd1a9000 r-xp 00000000 07:00 205899                     /lib/x86_64-linux-gnu/libgcc_s.so.1
7f7bfd1a9000-7f7bfd3a8000 ---p 00015000 07:00 205899                     /lib/x86_64-linux-gnu/libgcc_s.so.1
7f7bfd3a8000-7f7bfd3a9000 r--p 00014000 07:00 205899                     /lib/x86_64-linux-gnu/libgcc_s.so.1
7f7bfd3a9000-7f7bfd3aa000 rw-p 00015000 07:00 205899                     /lib/x86_64-linux-gnu/libgcc_s.so.1
7f7bfd3aa000-7f7bfd4a5000 r-xp 00000000 07:00 1882163                    /lib/x86_64-linux-gnu/libm-2.15.so
7f7bfd4a5000-7f7bfd6a4000 ---p 000fb000 07:00 1882163                    /lib/x86_64-linux-gnu/libm-2.15.so
7f7bfd6a4000-7f7bfd6a5000 r--p 000fa000 07:00 1882163                    /lib/x86_64-linux-gnu/libm-2.15.so
7f7bfd6a5000-7f7bfd6a6000 rw-p 000fb000 07:00 1882163                    /lib/x86_64-linux-gnu/libm-2.15.so
7f7bfd6a6000-7f7bfd788000 r-xp 00000000 07:00 164551                     /usr/lib/x86_64-linux-gnu/libstdc++.so.6.0.16
7f7bfd788000-7f7bfd987000 ---p 000e2000 07:00 164551                     /usr/lib/x86_64-linux-gnu/libstdc++.so.6.0.16
7f7bfd987000-7f7bfd98f000 r--p 000e1000 07:00 164551                     /usr/lib/x86_64-linux-gnu/libstdc++.so.6.0.16
7f7bfd98f000-7f7bfd991000 rw-p 000e9000 07:00 164551                     /usr/lib/x86_64-linux-gnu/libstdc++.so.6.0.16
7f7bfd991000-7f7bfd9a6000 rw-p 00000000 00:00 0 
7f7bfd9a6000-7f7bfe2aa000 r-xp 00000000 07:00 443406                     /usr/lib/jvm/java-6-openjdk-amd64/jre/lib/amd64/server/libjvm.so
7f7bfe2aa000-7f7bfe4aa000 ---p 00904000 07:00 443406                     /usr/lib/jvm/java-6-openjdk-amd64/jre/lib/amd64/server/libjvm.so
7f7bfe4aa000-7f7bfe52a000 r--p 00904000 07:00 443406                     /usr/lib/jvm/java-6-openjdk-amd64/jre/lib/amd64/server/libjvm.so
7f7bfe52a000-7f7bfe545000 rw-p 00984000 07:00 443406                     /usr/lib/jvm/java-6-openjdk-amd64/jre/lib/amd64/server/libjvm.so
7f7bfe545000-7f7bfe56e000 rw-p 00000000 00:00 0 
7f7bfe56e000-7f7bfe584000 r-xp 00000000 07:00 205925                     /lib/x86_64-linux-gnu/libz.so.1.2.3.4
7f7bfe584000-7f7bfe783000 ---p 00016000 07:00 205925                     /lib/x86_64-linux-gnu/libz.so.1.2.3.4
7f7bfe783000-7f7bfe784000 r--p 00015000 07:00 205925                     /lib/x86_64-linux-gnu/libz.so.1.2.3.4
7f7bfe784000-7f7bfe785000 rw-p 00016000 07:00 205925                     /lib/x86_64-linux-gnu/libz.so.1.2.3.4
7f7bfe785000-7f7bfe937000 r-xp 00000000 07:00 1882155                    /lib/x86_64-linux-gnu/libc-2.15.so
7f7bfe937000-7f7bfeb37000 ---p 001b2000 07:00 1882155                    /lib/x86_64-linux-gnu/libc-2.15.so
7f7bfeb37000-7f7bfeb3b000 r--p 001b2000 07:00 1882155                    /lib/x86_64-linux-gnu/libc-2.15.so
7f7bfeb3b000-7f7bfeb3d000 rw-p 001b6000 07:00 1882155                    /lib/x86_64-linux-gnu/libc-2.15.so
7f7bfeb3d000-7f7bfeb42000 rw-p 00000000 00:00 0 
7f7bfeb42000-7f7bfeb44000 r-xp 00000000 07:00 309357                     /lib/x86_64-linux-gnu/libdl-2.15.so
7f7bfeb44000-7f7bfed44000 ---p 00002000 07:00 309357                     /lib/x86_64-linux-gnu/libdl-2.15.so
7f7bfed44000-7f7bfed45000 r--p 00002000 07:00 309357                     /lib/x86_64-linux-gnu/libdl-2.15.so
7f7bfed45000-7f7bfed46000 rw-p 00003000 07:00 309357                     /lib/x86_64-linux-gnu/libdl-2.15.so
7f7bfed46000-7f7bfed4a000 r-xp 00000000 07:00 442487                     /usr/lib/jvm/java-6-openjdk-amd64/jre/lib/amd64/jli/libjli.so
7f7bfed4a000-7f7bfef49000 ---p 00004000 07:00 442487                     /usr/lib/jvm/java-6-openjdk-amd64/jre/lib/amd64/jli/libjli.so
7f7bfef49000-7f7bfef4a000 r--p 00003000 07:00 442487                     /usr/lib/jvm/java-6-openjdk-amd64/jre/lib/amd64/jli/libjli.so
7f7bfef4a000-7f7bfef4b000 rw-p 00004000 07:00 442487                     /usr/lib/jvm/java-6-openjdk-amd64/jre/lib/amd64/jli/libjli.so
7f7bfef4b000-7f7bfef63000 r-xp 00000000 07:00 1882157                    /lib/x86_64-linux-gnu/libpthread-2.15.so
7f7bfef63000-7f7bff162000 ---p 00018000 07:00 1882157                    /lib/x86_64-linux-gnu/libpthread-2.15.so
7f7bff162000-7f7bff163000 r--p 00017000 07:00 1882157                    /lib/x86_64-linux-gnu/libpthread-2.15.so
7f7bff163000-7f7bff164000 rw-p 00018000 07:00 1882157                    /lib/x86_64-linux-gnu/libpthread-2.15.so
7f7bff164000-7f7bff168000 rw-p 00000000 00:00 0 
7f7bff168000-7f7bff18a000 r-xp 00000000 07:00 1882169                    /lib/x86_64-linux-gnu/ld-2.15.so
7f7bff1a0000-7f7bff1aa000 rw-p 00000000 00:00 0 
7f7bff1aa000-7f7bff260000 rw-p 00000000 00:00 0 
7f7bff260000-7f7bff263000 ---p 00000000 00:00 0 
7f7bff263000-7f7bff366000 rw-p 00000000 00:00 0 
7f7bff37e000-7f7bff386000 rw-s 00000000 07:00 159076                     /tmp/hsperfdata_kevin/20313
7f7bff386000-7f7bff387000 rw-p 00000000 00:00 0 
7f7bff387000-7f7bff388000 r--p 00000000 00:00 0 
7f7bff388000-7f7bff38a000 rw-p 00000000 00:00 0 
7f7bff38a000-7f7bff38b000 r--p 00022000 07:00 1882169                    /lib/x86_64-linux-gnu/ld-2.15.so
7f7bff38b000-7f7bff38d000 rw-p 00023000 07:00 1882169                    /lib/x86_64-linux-gnu/ld-2.15.so
7fffdd396000-7fffdd3b7000 rw-p 00000000 00:00 0                          [stack]
7fffdd3ff000-7fffdd400000 r-xp 00000000 00:00 0                          [vdso]
ffffffffff600000-ffffffffff601000 r-xp 00000000 00:00 0                  [vsyscall]

VM Arguments:
jvm_args: -agentlib:jdwp=transport=dt_socket,suspend=y,address=localhost:44625 -Dfile.encoding=UTF-8 -Xbootclasspath:/home/kevin/android-sdks/platforms/android-16/android.jar:/home/kevin/android-sdks/add-ons/addon-google_apis-google-16/libs/effects.jar:/home/kevin/android-sdks/add-ons/addon-google_apis-google-16/libs/usb.jar:/home/kevin/android-sdks/add-ons/addon-google_apis-google-16/libs/maps.jar 
java_command: com.kevingil.gwhs.DailyBulletin
Launcher Type: SUN_STANDARD

Environment Variables:
PATH=/usr/lib/lightdm/lightdm:/usr/local/sbin:/usr/local/bin:/usr/sbin:/usr/bin:/sbin:/bin:/usr/games
LD_LIBRARY_PATH=/usr/lib/jvm/java-6-openjdk-amd64/jre/lib/amd64/server:/usr/lib/jvm/java-6-openjdk-amd64/jre/lib/amd64:/usr/lib/jvm/java-6-openjdk-amd64/jre/../lib/amd64
SHELL=/bin/bash
DISPLAY=:0.0

Signal Handlers:
SIGSEGV: [libjvm.so+0x784310], sa_mask[0]=0x7ffbfeff, sa_flags=0x10000004
SIGBUS: [libjvm.so+0x784310], sa_mask[0]=0x7ffbfeff, sa_flags=0x10000004
SIGFPE: [libjvm.so+0x648580], sa_mask[0]=0x7ffbfeff, sa_flags=0x10000004
SIGPIPE: [libjvm.so+0x648580], sa_mask[0]=0x7ffbfeff, sa_flags=0x10000004
SIGXFSZ: [libjvm.so+0x648580], sa_mask[0]=0x7ffbfeff, sa_flags=0x10000004
SIGILL: [libjvm.so+0x648580], sa_mask[0]=0x7ffbfeff, sa_flags=0x10000004
SIGUSR1: SIG_DFL, sa_mask[0]=0x00000000, sa_flags=0x00000000
SIGUSR2: [libjvm.so+0x648730], sa_mask[0]=0x00000004, sa_flags=0x10000004
SIGHUP: SIG_DFL, sa_mask[0]=0x00000000, sa_flags=0x00000000
SIGINT: SIG_DFL, sa_mask[0]=0x00000000, sa_flags=0x00000000
SIGTERM: SIG_DFL, sa_mask[0]=0x00000000, sa_flags=0x00000000
SIGQUIT: SIG_DFL, sa_mask[0]=0x00000000, sa_flags=0x00000000


---------------  S Y S T E M  ---------------

OS:Ubuntu 12.04 (precise)
uname:Linux 3.2.0-30-generic #48-Ubuntu SMP Fri Aug 24 16:52:48 UTC 2012 x86_64
libc:glibc 2.15 NPTL 2.15 
rlimit: STACK 8192k, CORE 0k, NPROC 27303, NOFILE 4096, AS infinity
load average:1.21 3.58 2.92

/proc/meminfo:
MemTotal:        3512416 kB
MemFree:          112212 kB
Buffers:          629180 kB
Cached:           995372 kB
SwapCached:         7056 kB
Active:          1716816 kB
Inactive:        1296244 kB
Active(anon):    1044328 kB
Inactive(anon):   348124 kB
Active(file):     672488 kB
Inactive(file):   948120 kB
Unevictable:         312 kB
Mlocked:              16 kB
SwapTotal:        262140 kB
SwapFree:         254956 kB
Dirty:              8224 kB
Writeback:             0 kB
AnonPages:       1381908 kB
Mapped:           221632 kB
Shmem:              3748 kB
Slab:             123160 kB
SReclaimable:      96128 kB
SUnreclaim:        27032 kB
KernelStack:        4192 kB
PageTables:        35324 kB
NFS_Unstable:          0 kB
Bounce:                0 kB
WritebackTmp:          0 kB
CommitLimit:     2018348 kB
Committed_AS:    4036876 kB
VmallocTotal:   34359738367 kB
VmallocUsed:      113948 kB
VmallocChunk:   34359621116 kB
HardwareCorrupted:     0 kB
AnonHugePages:         0 kB
HugePages_Total:       0
HugePages_Free:        0
HugePages_Rsvd:        0
HugePages_Surp:        0
Hugepagesize:       2048 kB
DirectMap4k:      314368 kB
DirectMap2M:     3338240 kB
DirectMap1G:           0 kB


CPU:total 2 (2 cores per cpu, 1 threads per core) family 18 model 1 stepping 0, cmov, cx8, fxsr, mmx, sse, sse2, sse3, popcnt, mmxext, 3dnowpref, lzcnt, sse4a

Memory: 4k page, physical 3512416k(112212k free), swap 262140k(254956k free)

vm_info: OpenJDK 64-Bit Server VM (20.0-b12) for linux-amd64 JRE (1.6.0_24-b24), built on Sep  2 2012 19:50:47 by "buildd" with gcc 4.6.3

time: Sun Sep 30 20:13:34 2012
elapsed time: 0 seconds

