#
# A fatal error has been detected by the Java Runtime Environment:
#
#  Internal Error (classFileParser.cpp:3494), pid=21243, tid=140638061184768
#  Error: ShouldNotReachHere()
#
# JRE version: 6.0_24-b24
# Java VM: OpenJDK 64-Bit Server VM (20.0-b12 mixed mode linux-amd64 compressed oops)
# Derivative: IcedTea6 1.11.4
# Distribution: Ubuntu 12.04 LTS, package 6b24-1.11.4-1ubuntu0.12.04.1
# If you would like to submit a bug report, please include
# instructions how to reproduce the bug and visit:
#   https://bugs.launchpad.net/ubuntu/+source/openjdk-6/
#

---------------  T H R E A D  ---------------

Current thread (0x00007fe8d000a800):  JavaThread "Unknown thread" [_thread_in_vm, id=21251, stack(0x00007fe8d99dc000,0x00007fe8d9add000)]

Stack: [0x00007fe8d99dc000,0x00007fe8d9add000],  sp=0x00007fe8d9adb080,  free space=1020k
Native frames: (J=compiled Java code, j=interpreted, Vv=VM code, C=native code)
V  [libjvm.so+0x7836d5]  VMError::report(outputStream*)+0x1255
V  [libjvm.so+0x783959]  VMError::report_and_die()+0x169
V  [libjvm.so+0x3bb18a]  report_vm_error(char const*, int, char const*, char const*)+0x4a
V  [libjvm.so+0x351555]  ClassFileParser::parseClassFile(symbolHandle, Handle, Handle, KlassHandle, GrowableArray<Handle>*, symbolHandle&, bool, Thread*)+0x1545
V  [libjvm.so+0x3557b3]  ClassLoader::load_classfile(symbolHandle, Thread*)+0x1f3
V  [libjvm.so+0x71b894]  SystemDictionary::load_instance_class(symbolHandle, Handle, Thread*)+0x354
V  [libjvm.so+0x719fa0]  SystemDictionary::resolve_instance_class_or_null(symbolHandle, Handle, Handle, Thread*)+0x7c0
V  [libjvm.so+0x71bf23]  SystemDictionary::resolve_or_fail(symbolHandle, Handle, Handle, bool, Thread*)+0x33
V  [libjvm.so+0x71c004]  SystemDictionary::resolve_or_fail(symbolHandle, bool, Thread*)+0x14
V  [libjvm.so+0x71c0b0]  SystemDictionary::initialize_wk_klass(SystemDictionary::WKID, int, Thread*)+0xa0
V  [libjvm.so+0x71c119]  SystemDictionary::initialize_wk_klasses_until(SystemDictionary::WKID, SystemDictionary::WKID&, Thread*)+0x59
V  [libjvm.so+0x71c211]  SystemDictionary::initialize_preloaded_classes(Thread*)+0x71
V  [libjvm.so+0x75fa8f]  Universe::genesis(Thread*)+0x11f
V  [libjvm.so+0x76043f]  universe2_init()+0x1f
V  [libjvm.so+0x473f25]  init_globals()+0x95
V  [libjvm.so+0x74a3ca]  Threads::create_vm(JavaVMInitArgs*, bool*)+0x1ea
V  [libjvm.so+0x4cdbf1]  JNI_CreateJavaVM+0x61
C  [java+0x317e]  JavaMain+0x7e


---------------  P R O C E S S  ---------------

Java Threads: ( => current thread )

Other Threads:

=>0x00007fe8d000a800 (exited) JavaThread "Unknown thread" [_thread_in_vm, id=21251, stack(0x00007fe8d99dc000,0x00007fe8d9add000)]

VM state:not at safepoint (not fully initialized)

VM Mutex/Monitor currently owned by a thread: None

Dynamic libraries:
00400000-00409000 r-xp 00000000 07:00 445595                             /usr/lib/jvm/java-6-openjdk-amd64/jre/bin/java
00608000-00609000 r--p 00008000 07:00 445595                             /usr/lib/jvm/java-6-openjdk-amd64/jre/bin/java
00609000-0060a000 rw-p 00009000 07:00 445595                             /usr/lib/jvm/java-6-openjdk-amd64/jre/bin/java
00820000-00841000 rw-p 00000000 00:00 0                                  [heap]
c0000000-c14c0000 rw-p 00000000 00:00 0 
c14c0000-ca600000 rw-p 00000000 00:00 0 
ca600000-cc9c0000 rw-p 00000000 00:00 0 
cc9c0000-ee200000 rw-p 00000000 00:00 0 
ee200000-ef3e0000 rw-p 00000000 00:00 0 
ef3e0000-100000000 rw-p 00000000 00:00 0 
7fe8c0000000-7fe8c0021000 rw-p 00000000 00:00 0 
7fe8c0021000-7fe8c4000000 ---p 00000000 00:00 0 
7fe8c8000000-7fe8c8021000 rw-p 00000000 00:00 0 
7fe8c8021000-7fe8cc000000 ---p 00000000 00:00 0 
7fe8cd000000-7fe8cd270000 rwxp 00000000 00:00 0 
7fe8cd270000-7fe8d007e000 rw-p 00000000 00:00 0 
7fe8d007e000-7fe8d4000000 ---p 00000000 00:00 0 
7fe8d5b1f000-7fe8d5be1000 r--s 010b9000 07:00 2182174                    /home/kevin/android-sdks/platforms/android-16/android.jar
7fe8d5be1000-7fe8d5c09000 rw-p 00000000 00:00 0 
7fe8d5c09000-7fe8d5c0a000 ---p 00000000 00:00 0 
7fe8d5c0a000-7fe8d5d0a000 rw-p 00000000 00:00 0 
7fe8d5d0a000-7fe8d5d0b000 ---p 00000000 00:00 0 
7fe8d5d0b000-7fe8d5e16000 rw-p 00000000 00:00 0 
7fe8d5e16000-7fe8d5e5e000 rw-p 00000000 00:00 0 
7fe8d5e5e000-7fe8d5e70000 rw-p 00000000 00:00 0 
7fe8d5e70000-7fe8d5f7c000 rw-p 00000000 00:00 0 
7fe8d5f7c000-7fe8d5f87000 rw-p 00000000 00:00 0 
7fe8d5f87000-7fe8d5fcf000 rw-p 00000000 00:00 0 
7fe8d5fcf000-7fe8d5fe1000 rw-p 00000000 00:00 0 
7fe8d5fe1000-7fe8d60ed000 rw-p 00000000 00:00 0 
7fe8d60ed000-7fe8d60f6000 rw-p 00000000 00:00 0 
7fe8d60f6000-7fe8d617c000 rw-p 00000000 00:00 0 
7fe8d617c000-7fe8d617d000 rw-p 00000000 00:00 0 
7fe8d617d000-7fe8d6184000 r-xp 00000000 07:00 442514                     /usr/lib/jvm/java-6-openjdk-amd64/jre/lib/amd64/libzip.so
7fe8d6184000-7fe8d6383000 ---p 00007000 07:00 442514                     /usr/lib/jvm/java-6-openjdk-amd64/jre/lib/amd64/libzip.so
7fe8d6383000-7fe8d6384000 r--p 00006000 07:00 442514                     /usr/lib/jvm/java-6-openjdk-amd64/jre/lib/amd64/libzip.so
7fe8d6384000-7fe8d6385000 rw-p 00007000 07:00 442514                     /usr/lib/jvm/java-6-openjdk-amd64/jre/lib/amd64/libzip.so
7fe8d6385000-7fe8d6391000 r-xp 00000000 07:00 1882165                    /lib/x86_64-linux-gnu/libnss_files-2.15.so
7fe8d6391000-7fe8d6590000 ---p 0000c000 07:00 1882165                    /lib/x86_64-linux-gnu/libnss_files-2.15.so
7fe8d6590000-7fe8d6591000 r--p 0000b000 07:00 1882165                    /lib/x86_64-linux-gnu/libnss_files-2.15.so
7fe8d6591000-7fe8d6592000 rw-p 0000c000 07:00 1882165                    /lib/x86_64-linux-gnu/libnss_files-2.15.so
7fe8d6592000-7fe8d659c000 r-xp 00000000 07:00 1882161                    /lib/x86_64-linux-gnu/libnss_nis-2.15.so
7fe8d659c000-7fe8d679c000 ---p 0000a000 07:00 1882161                    /lib/x86_64-linux-gnu/libnss_nis-2.15.so
7fe8d679c000-7fe8d679d000 r--p 0000a000 07:00 1882161                    /lib/x86_64-linux-gnu/libnss_nis-2.15.so
7fe8d679d000-7fe8d679e000 rw-p 0000b000 07:00 1882161                    /lib/x86_64-linux-gnu/libnss_nis-2.15.so
7fe8d679e000-7fe8d67b5000 r-xp 00000000 07:00 1882174                    /lib/x86_64-linux-gnu/libnsl-2.15.so
7fe8d67b5000-7fe8d69b4000 ---p 00017000 07:00 1882174                    /lib/x86_64-linux-gnu/libnsl-2.15.so
7fe8d69b4000-7fe8d69b5000 r--p 00016000 07:00 1882174                    /lib/x86_64-linux-gnu/libnsl-2.15.so
7fe8d69b5000-7fe8d69b6000 rw-p 00017000 07:00 1882174                    /lib/x86_64-linux-gnu/libnsl-2.15.so
7fe8d69b6000-7fe8d69b8000 rw-p 00000000 00:00 0 
7fe8d69b8000-7fe8d69c0000 r-xp 00000000 07:00 1882166                    /lib/x86_64-linux-gnu/libnss_compat-2.15.so
7fe8d69c0000-7fe8d6bbf000 ---p 00008000 07:00 1882166                    /lib/x86_64-linux-gnu/libnss_compat-2.15.so
7fe8d6bbf000-7fe8d6bc0000 r--p 00007000 07:00 1882166                    /lib/x86_64-linux-gnu/libnss_compat-2.15.so
7fe8d6bc0000-7fe8d6bc1000 rw-p 00008000 07:00 1882166                    /lib/x86_64-linux-gnu/libnss_compat-2.15.so
7fe8d6bc1000-7fe8d6e8a000 r--p 00000000 07:00 711681                     /usr/lib/locale/locale-archive
7fe8d6e8a000-7fe8d6e8d000 r-xp 00000000 07:00 442484                     /usr/lib/jvm/java-6-openjdk-amd64/jre/lib/amd64/libnpt.so
7fe8d6e8d000-7fe8d708c000 ---p 00003000 07:00 442484                     /usr/lib/jvm/java-6-openjdk-amd64/jre/lib/amd64/libnpt.so
7fe8d708c000-7fe8d708d000 r--p 00002000 07:00 442484                     /usr/lib/jvm/java-6-openjdk-amd64/jre/lib/amd64/libnpt.so
7fe8d708d000-7fe8d708e000 rw-p 00003000 07:00 442484                     /usr/lib/jvm/java-6-openjdk-amd64/jre/lib/amd64/libnpt.so
7fe8d708e000-7fe8d70c8000 r-xp 00000000 07:00 442491                     /usr/lib/jvm/java-6-openjdk-amd64/jre/lib/amd64/libjdwp.so
7fe8d70c8000-7fe8d72c7000 ---p 0003a000 07:00 442491                     /usr/lib/jvm/java-6-openjdk-amd64/jre/lib/amd64/libjdwp.so
7fe8d72c7000-7fe8d72c8000 r--p 00039000 07:00 442491                     /usr/lib/jvm/java-6-openjdk-amd64/jre/lib/amd64/libjdwp.so
7fe8d72c8000-7fe8d72c9000 rw-p 0003a000 07:00 442491                     /usr/lib/jvm/java-6-openjdk-amd64/jre/lib/amd64/libjdwp.so
7fe8d72c9000-7fe8d72f5000 r-xp 00000000 07:00 442502                     /usr/lib/jvm/java-6-openjdk-amd64/jre/lib/amd64/libjava.so
7fe8d72f5000-7fe8d74f4000 ---p 0002c000 07:00 442502                     /usr/lib/jvm/java-6-openjdk-amd64/jre/lib/amd64/libjava.so
7fe8d74f4000-7fe8d74f5000 r--p 0002b000 07:00 442502                     /usr/lib/jvm/java-6-openjdk-amd64/jre/lib/amd64/libjava.so
7fe8d74f5000-7fe8d74f8000 rw-p 0002c000 07:00 442502                     /usr/lib/jvm/java-6-openjdk-amd64/jre/lib/amd64/libjava.so
7fe8d74f8000-7fe8d7506000 r-xp 00000000 07:00 442501                     /usr/lib/jvm/java-6-openjdk-amd64/jre/lib/amd64/libverify.so
7fe8d7506000-7fe8d7705000 ---p 0000e000 07:00 442501                     /usr/lib/jvm/java-6-openjdk-amd64/jre/lib/amd64/libverify.so
7fe8d7705000-7fe8d7707000 r--p 0000d000 07:00 442501                     /usr/lib/jvm/java-6-openjdk-amd64/jre/lib/amd64/libverify.so
7fe8d7707000-7fe8d7708000 rw-p 0000f000 07:00 442501                     /usr/lib/jvm/java-6-openjdk-amd64/jre/lib/amd64/libverify.so
7fe8d7708000-7fe8d770f000 r-xp 00000000 07:00 1882159                    /lib/x86_64-linux-gnu/librt-2.15.so
7fe8d770f000-7fe8d790e000 ---p 00007000 07:00 1882159                    /lib/x86_64-linux-gnu/librt-2.15.so
7fe8d790e000-7fe8d790f000 r--p 00006000 07:00 1882159                    /lib/x86_64-linux-gnu/librt-2.15.so
7fe8d790f000-7fe8d7910000 rw-p 00007000 07:00 1882159                    /lib/x86_64-linux-gnu/librt-2.15.so
7fe8d7910000-7fe8d7925000 r-xp 00000000 07:00 205899                     /lib/x86_64-linux-gnu/libgcc_s.so.1
7fe8d7925000-7fe8d7b24000 ---p 00015000 07:00 205899                     /lib/x86_64-linux-gnu/libgcc_s.so.1
7fe8d7b24000-7fe8d7b25000 r--p 00014000 07:00 205899                     /lib/x86_64-linux-gnu/libgcc_s.so.1
7fe8d7b25000-7fe8d7b26000 rw-p 00015000 07:00 205899                     /lib/x86_64-linux-gnu/libgcc_s.so.1
7fe8d7b26000-7fe8d7c21000 r-xp 00000000 07:00 1882163                    /lib/x86_64-linux-gnu/libm-2.15.so
7fe8d7c21000-7fe8d7e20000 ---p 000fb000 07:00 1882163                    /lib/x86_64-linux-gnu/libm-2.15.so
7fe8d7e20000-7fe8d7e21000 r--p 000fa000 07:00 1882163                    /lib/x86_64-linux-gnu/libm-2.15.so
7fe8d7e21000-7fe8d7e22000 rw-p 000fb000 07:00 1882163                    /lib/x86_64-linux-gnu/libm-2.15.so
7fe8d7e22000-7fe8d7f04000 r-xp 00000000 07:00 164551                     /usr/lib/x86_64-linux-gnu/libstdc++.so.6.0.16
7fe8d7f04000-7fe8d8103000 ---p 000e2000 07:00 164551                     /usr/lib/x86_64-linux-gnu/libstdc++.so.6.0.16
7fe8d8103000-7fe8d810b000 r--p 000e1000 07:00 164551                     /usr/lib/x86_64-linux-gnu/libstdc++.so.6.0.16
7fe8d810b000-7fe8d810d000 rw-p 000e9000 07:00 164551                     /usr/lib/x86_64-linux-gnu/libstdc++.so.6.0.16
7fe8d810d000-7fe8d8122000 rw-p 00000000 00:00 0 
7fe8d8122000-7fe8d8a26000 r-xp 00000000 07:00 443406                     /usr/lib/jvm/java-6-openjdk-amd64/jre/lib/amd64/server/libjvm.so
7fe8d8a26000-7fe8d8c26000 ---p 00904000 07:00 443406                     /usr/lib/jvm/java-6-openjdk-amd64/jre/lib/amd64/server/libjvm.so
7fe8d8c26000-7fe8d8ca6000 r--p 00904000 07:00 443406                     /usr/lib/jvm/java-6-openjdk-amd64/jre/lib/amd64/server/libjvm.so
7fe8d8ca6000-7fe8d8cc1000 rw-p 00984000 07:00 443406                     /usr/lib/jvm/java-6-openjdk-amd64/jre/lib/amd64/server/libjvm.so
7fe8d8cc1000-7fe8d8cea000 rw-p 00000000 00:00 0 
7fe8d8cea000-7fe8d8d00000 r-xp 00000000 07:00 205925                     /lib/x86_64-linux-gnu/libz.so.1.2.3.4
7fe8d8d00000-7fe8d8eff000 ---p 00016000 07:00 205925                     /lib/x86_64-linux-gnu/libz.so.1.2.3.4
7fe8d8eff000-7fe8d8f00000 r--p 00015000 07:00 205925                     /lib/x86_64-linux-gnu/libz.so.1.2.3.4
7fe8d8f00000-7fe8d8f01000 rw-p 00016000 07:00 205925                     /lib/x86_64-linux-gnu/libz.so.1.2.3.4
7fe8d8f01000-7fe8d90b3000 r-xp 00000000 07:00 1882155                    /lib/x86_64-linux-gnu/libc-2.15.so
7fe8d90b3000-7fe8d92b3000 ---p 001b2000 07:00 1882155                    /lib/x86_64-linux-gnu/libc-2.15.so
7fe8d92b3000-7fe8d92b7000 r--p 001b2000 07:00 1882155                    /lib/x86_64-linux-gnu/libc-2.15.so
7fe8d92b7000-7fe8d92b9000 rw-p 001b6000 07:00 1882155                    /lib/x86_64-linux-gnu/libc-2.15.so
7fe8d92b9000-7fe8d92be000 rw-p 00000000 00:00 0 
7fe8d92be000-7fe8d92c0000 r-xp 00000000 07:00 309357                     /lib/x86_64-linux-gnu/libdl-2.15.so
7fe8d92c0000-7fe8d94c0000 ---p 00002000 07:00 309357                     /lib/x86_64-linux-gnu/libdl-2.15.so
7fe8d94c0000-7fe8d94c1000 r--p 00002000 07:00 309357                     /lib/x86_64-linux-gnu/libdl-2.15.so
7fe8d94c1000-7fe8d94c2000 rw-p 00003000 07:00 309357                     /lib/x86_64-linux-gnu/libdl-2.15.so
7fe8d94c2000-7fe8d94c6000 r-xp 00000000 07:00 442487                     /usr/lib/jvm/java-6-openjdk-amd64/jre/lib/amd64/jli/libjli.so
7fe8d94c6000-7fe8d96c5000 ---p 00004000 07:00 442487                     /usr/lib/jvm/java-6-openjdk-amd64/jre/lib/amd64/jli/libjli.so
7fe8d96c5000-7fe8d96c6000 r--p 00003000 07:00 442487                     /usr/lib/jvm/java-6-openjdk-amd64/jre/lib/amd64/jli/libjli.so
7fe8d96c6000-7fe8d96c7000 rw-p 00004000 07:00 442487                     /usr/lib/jvm/java-6-openjdk-amd64/jre/lib/amd64/jli/libjli.so
7fe8d96c7000-7fe8d96df000 r-xp 00000000 07:00 1882157                    /lib/x86_64-linux-gnu/libpthread-2.15.so
7fe8d96df000-7fe8d98de000 ---p 00018000 07:00 1882157                    /lib/x86_64-linux-gnu/libpthread-2.15.so
7fe8d98de000-7fe8d98df000 r--p 00017000 07:00 1882157                    /lib/x86_64-linux-gnu/libpthread-2.15.so
7fe8d98df000-7fe8d98e0000 rw-p 00018000 07:00 1882157                    /lib/x86_64-linux-gnu/libpthread-2.15.so
7fe8d98e0000-7fe8d98e4000 rw-p 00000000 00:00 0 
7fe8d98e4000-7fe8d9906000 r-xp 00000000 07:00 1882169                    /lib/x86_64-linux-gnu/ld-2.15.so
7fe8d991c000-7fe8d9926000 rw-p 00000000 00:00 0 
7fe8d9926000-7fe8d99dc000 rw-p 00000000 00:00 0 
7fe8d99dc000-7fe8d99df000 ---p 00000000 00:00 0 
7fe8d99df000-7fe8d9ae2000 rw-p 00000000 00:00 0 
7fe8d9afa000-7fe8d9b02000 rw-s 00000000 07:00 152857                     /tmp/hsperfdata_kevin/21243
7fe8d9b02000-7fe8d9b03000 rw-p 00000000 00:00 0 
7fe8d9b03000-7fe8d9b04000 r--p 00000000 00:00 0 
7fe8d9b04000-7fe8d9b06000 rw-p 00000000 00:00 0 
7fe8d9b06000-7fe8d9b07000 r--p 00022000 07:00 1882169                    /lib/x86_64-linux-gnu/ld-2.15.so
7fe8d9b07000-7fe8d9b09000 rw-p 00023000 07:00 1882169                    /lib/x86_64-linux-gnu/ld-2.15.so
7fff7998d000-7fff799ae000 rw-p 00000000 00:00 0                          [stack]
7fff799ff000-7fff79a00000 r-xp 00000000 00:00 0                          [vdso]
ffffffffff600000-ffffffffff601000 r-xp 00000000 00:00 0                  [vsyscall]

VM Arguments:
jvm_args: -agentlib:jdwp=transport=dt_socket,suspend=y,address=localhost:37546 -Dfile.encoding=UTF-8 -Xbootclasspath:/home/kevin/android-sdks/platforms/android-16/android.jar:/home/kevin/android-sdks/add-ons/addon-google_apis-google-16/libs/effects.jar:/home/kevin/android-sdks/add-ons/addon-google_apis-google-16/libs/usb.jar:/home/kevin/android-sdks/add-ons/addon-google_apis-google-16/libs/maps.jar 
java_command: com.kevingil.gwhs.DailyBulletin
Launcher Type: SUN_STANDARD

Environment Variables:
PATH=/usr/lib/lightdm/lightdm:/usr/local/sbin:/usr/local/bin:/usr/sbin:/usr/bin:/sbin:/bin:/usr/games
LD_LIBRARY_PATH=/usr/lib/jvm/java-6-openjdk-amd64/jre/lib/amd64/server:/usr/lib/jvm/java-6-openjdk-amd64/jre/lib/amd64:/usr/lib/jvm/java-6-openjdk-amd64/jre/../lib/amd64
SHELL=/bin/bash
DISPLAY=:0.0

Signal Handlers:
SIGSEGV: [libjvm.so+0x784310], sa_mask[0]=0x7ffbfeff, sa_flags=0x10000004
SIGBUS: [libjvm.so+0x784310], sa_mask[0]=0x7ffbfeff, sa_flags=0x10000004
SIGFPE: [libjvm.so+0x648580], sa_mask[0]=0x7ffbfeff, sa_flags=0x10000004
SIGPIPE: [libjvm.so+0x648580], sa_mask[0]=0x7ffbfeff, sa_flags=0x10000004
SIGXFSZ: [libjvm.so+0x648580], sa_mask[0]=0x7ffbfeff, sa_flags=0x10000004
SIGILL: [libjvm.so+0x648580], sa_mask[0]=0x7ffbfeff, sa_flags=0x10000004
SIGUSR1: SIG_DFL, sa_mask[0]=0x00000000, sa_flags=0x00000000
SIGUSR2: [libjvm.so+0x648730], sa_mask[0]=0x00000004, sa_flags=0x10000004
SIGHUP: SIG_DFL, sa_mask[0]=0x00000000, sa_flags=0x00000000
SIGINT: SIG_DFL, sa_mask[0]=0x00000000, sa_flags=0x00000000
SIGTERM: SIG_DFL, sa_mask[0]=0x00000000, sa_flags=0x00000000
SIGQUIT: SIG_DFL, sa_mask[0]=0x00000000, sa_flags=0x00000000


---------------  S Y S T E M  ---------------

OS:Ubuntu 12.04 (precise)
uname:Linux 3.2.0-30-generic #48-Ubuntu SMP Fri Aug 24 16:52:48 UTC 2012 x86_64
libc:glibc 2.15 NPTL 2.15 
rlimit: STACK 8192k, CORE 0k, NPROC 27303, NOFILE 4096, AS infinity
load average:2.85 1.54 1.65

/proc/meminfo:
MemTotal:        3512416 kB
MemFree:          135760 kB
Buffers:          484180 kB
Cached:           866948 kB
SwapCached:        10136 kB
Active:          1828672 kB
Inactive:        1147420 kB
Active(anon):    1224468 kB
Inactive(anon):   404796 kB
Active(file):     604204 kB
Inactive(file):   742624 kB
Unevictable:         312 kB
Mlocked:              16 kB
SwapTotal:        262140 kB
SwapFree:         251820 kB
Dirty:              9280 kB
Writeback:             0 kB
AnonPages:       1615708 kB
Mapped:           255308 kB
Shmem:              3748 kB
Slab:             117240 kB
SReclaimable:      89704 kB
SUnreclaim:        27536 kB
KernelStack:        4296 kB
PageTables:        37560 kB
NFS_Unstable:          0 kB
Bounce:                0 kB
WritebackTmp:          0 kB
CommitLimit:     2018348 kB
Committed_AS:    4466668 kB
VmallocTotal:   34359738367 kB
VmallocUsed:      113948 kB
VmallocChunk:   34359621116 kB
HardwareCorrupted:     0 kB
AnonHugePages:         0 kB
HugePages_Total:       0
HugePages_Free:        0
HugePages_Rsvd:        0
HugePages_Surp:        0
Hugepagesize:       2048 kB
DirectMap4k:      314368 kB
DirectMap2M:     3338240 kB
DirectMap1G:           0 kB


CPU:total 2 (2 cores per cpu, 1 threads per core) family 18 model 1 stepping 0, cmov, cx8, fxsr, mmx, sse, sse2, sse3, popcnt, mmxext, 3dnowpref, lzcnt, sse4a

Memory: 4k page, physical 3512416k(135760k free), swap 262140k(251820k free)

vm_info: OpenJDK 64-Bit Server VM (20.0-b12) for linux-amd64 JRE (1.6.0_24-b24), built on Sep  2 2012 19:50:47 by "buildd" with gcc 4.6.3

time: Sun Sep 30 20:34:42 2012
elapsed time: 0 seconds

