#
# A fatal error has been detected by the Java Runtime Environment:
#
#  Internal Error (classFileParser.cpp:3494), pid=26924, tid=140401004046080
#  Error: ShouldNotReachHere()
#
# JRE version: 6.0_24-b24
# Java VM: OpenJDK 64-Bit Server VM (20.0-b12 mixed mode linux-amd64 compressed oops)
# Derivative: IcedTea6 1.11.4
# Distribution: Ubuntu 12.04 LTS, package 6b24-1.11.4-1ubuntu0.12.04.1
# If you would like to submit a bug report, please include
# instructions how to reproduce the bug and visit:
#   https://bugs.launchpad.net/ubuntu/+source/openjdk-6/
#

---------------  T H R E A D  ---------------

Current thread (0x00007fb1a000a800):  JavaThread "Unknown thread" [_thread_in_vm, id=26931, stack(0x00007fb1a7e8e000,0x00007fb1a7f8f000)]

Stack: [0x00007fb1a7e8e000,0x00007fb1a7f8f000],  sp=0x00007fb1a7f8d080,  free space=1020k
Native frames: (J=compiled Java code, j=interpreted, Vv=VM code, C=native code)
V  [libjvm.so+0x7836d5]  VMError::report(outputStream*)+0x1255
V  [libjvm.so+0x783959]  VMError::report_and_die()+0x169
V  [libjvm.so+0x3bb18a]  report_vm_error(char const*, int, char const*, char const*)+0x4a
V  [libjvm.so+0x351555]  ClassFileParser::parseClassFile(symbolHandle, Handle, Handle, KlassHandle, GrowableArray<Handle>*, symbolHandle&, bool, Thread*)+0x1545
V  [libjvm.so+0x3557b3]  ClassLoader::load_classfile(symbolHandle, Thread*)+0x1f3
V  [libjvm.so+0x71b894]  SystemDictionary::load_instance_class(symbolHandle, Handle, Thread*)+0x354
V  [libjvm.so+0x719fa0]  SystemDictionary::resolve_instance_class_or_null(symbolHandle, Handle, Handle, Thread*)+0x7c0
V  [libjvm.so+0x71bf23]  SystemDictionary::resolve_or_fail(symbolHandle, Handle, Handle, bool, Thread*)+0x33
V  [libjvm.so+0x71c004]  SystemDictionary::resolve_or_fail(symbolHandle, bool, Thread*)+0x14
V  [libjvm.so+0x71c0b0]  SystemDictionary::initialize_wk_klass(SystemDictionary::WKID, int, Thread*)+0xa0
V  [libjvm.so+0x71c119]  SystemDictionary::initialize_wk_klasses_until(SystemDictionary::WKID, SystemDictionary::WKID&, Thread*)+0x59
V  [libjvm.so+0x71c211]  SystemDictionary::initialize_preloaded_classes(Thread*)+0x71
V  [libjvm.so+0x75fa8f]  Universe::genesis(Thread*)+0x11f
V  [libjvm.so+0x76043f]  universe2_init()+0x1f
V  [libjvm.so+0x473f25]  init_globals()+0x95
V  [libjvm.so+0x74a3ca]  Threads::create_vm(JavaVMInitArgs*, bool*)+0x1ea
V  [libjvm.so+0x4cdbf1]  JNI_CreateJavaVM+0x61
C  [java+0x317e]  JavaMain+0x7e


---------------  P R O C E S S  ---------------

Java Threads: ( => current thread )

Other Threads:

=>0x00007fb1a000a800 (exited) JavaThread "Unknown thread" [_thread_in_vm, id=26931, stack(0x00007fb1a7e8e000,0x00007fb1a7f8f000)]

VM state:not at safepoint (not fully initialized)

VM Mutex/Monitor currently owned by a thread: None

Dynamic libraries:
00400000-00409000 r-xp 00000000 07:00 445595                             /usr/lib/jvm/java-6-openjdk-amd64/jre/bin/java
00608000-00609000 r--p 00008000 07:00 445595                             /usr/lib/jvm/java-6-openjdk-amd64/jre/bin/java
00609000-0060a000 rw-p 00009000 07:00 445595                             /usr/lib/jvm/java-6-openjdk-amd64/jre/bin/java
00fb0000-00fd1000 rw-p 00000000 00:00 0                                  [heap]
c0000000-c14c0000 rw-p 00000000 00:00 0 
c14c0000-ca600000 rw-p 00000000 00:00 0 
ca600000-cc9c0000 rw-p 00000000 00:00 0 
cc9c0000-ee200000 rw-p 00000000 00:00 0 
ee200000-ef3e0000 rw-p 00000000 00:00 0 
ef3e0000-100000000 rw-p 00000000 00:00 0 
7fb190000000-7fb190021000 rw-p 00000000 00:00 0 
7fb190021000-7fb194000000 ---p 00000000 00:00 0 
7fb198000000-7fb198021000 rw-p 00000000 00:00 0 
7fb198021000-7fb19c000000 ---p 00000000 00:00 0 
7fb19cf3e000-7fb19d000000 r--s 010b9000 07:00 2182174                    /home/kevin/android-sdks/platforms/android-16/android.jar
7fb19d000000-7fb19d270000 rwxp 00000000 00:00 0 
7fb19d270000-7fb1a007e000 rw-p 00000000 00:00 0 
7fb1a007e000-7fb1a4000000 ---p 00000000 00:00 0 
7fb1a4093000-7fb1a40bb000 rw-p 00000000 00:00 0 
7fb1a40bb000-7fb1a40bc000 ---p 00000000 00:00 0 
7fb1a40bc000-7fb1a41bc000 rw-p 00000000 00:00 0 
7fb1a41bc000-7fb1a41bd000 ---p 00000000 00:00 0 
7fb1a41bd000-7fb1a42c8000 rw-p 00000000 00:00 0 
7fb1a42c8000-7fb1a4310000 rw-p 00000000 00:00 0 
7fb1a4310000-7fb1a4322000 rw-p 00000000 00:00 0 
7fb1a4322000-7fb1a442e000 rw-p 00000000 00:00 0 
7fb1a442e000-7fb1a4439000 rw-p 00000000 00:00 0 
7fb1a4439000-7fb1a4481000 rw-p 00000000 00:00 0 
7fb1a4481000-7fb1a4493000 rw-p 00000000 00:00 0 
7fb1a4493000-7fb1a459f000 rw-p 00000000 00:00 0 
7fb1a459f000-7fb1a45a8000 rw-p 00000000 00:00 0 
7fb1a45a8000-7fb1a462e000 rw-p 00000000 00:00 0 
7fb1a462e000-7fb1a462f000 rw-p 00000000 00:00 0 
7fb1a462f000-7fb1a4636000 r-xp 00000000 07:00 442514                     /usr/lib/jvm/java-6-openjdk-amd64/jre/lib/amd64/libzip.so
7fb1a4636000-7fb1a4835000 ---p 00007000 07:00 442514                     /usr/lib/jvm/java-6-openjdk-amd64/jre/lib/amd64/libzip.so
7fb1a4835000-7fb1a4836000 r--p 00006000 07:00 442514                     /usr/lib/jvm/java-6-openjdk-amd64/jre/lib/amd64/libzip.so
7fb1a4836000-7fb1a4837000 rw-p 00007000 07:00 442514                     /usr/lib/jvm/java-6-openjdk-amd64/jre/lib/amd64/libzip.so
7fb1a4837000-7fb1a4843000 r-xp 00000000 07:00 1882165                    /lib/x86_64-linux-gnu/libnss_files-2.15.so
7fb1a4843000-7fb1a4a42000 ---p 0000c000 07:00 1882165                    /lib/x86_64-linux-gnu/libnss_files-2.15.so
7fb1a4a42000-7fb1a4a43000 r--p 0000b000 07:00 1882165                    /lib/x86_64-linux-gnu/libnss_files-2.15.so
7fb1a4a43000-7fb1a4a44000 rw-p 0000c000 07:00 1882165                    /lib/x86_64-linux-gnu/libnss_files-2.15.so
7fb1a4a44000-7fb1a4a4e000 r-xp 00000000 07:00 1882161                    /lib/x86_64-linux-gnu/libnss_nis-2.15.so
7fb1a4a4e000-7fb1a4c4e000 ---p 0000a000 07:00 1882161                    /lib/x86_64-linux-gnu/libnss_nis-2.15.so
7fb1a4c4e000-7fb1a4c4f000 r--p 0000a000 07:00 1882161                    /lib/x86_64-linux-gnu/libnss_nis-2.15.so
7fb1a4c4f000-7fb1a4c50000 rw-p 0000b000 07:00 1882161                    /lib/x86_64-linux-gnu/libnss_nis-2.15.so
7fb1a4c50000-7fb1a4c67000 r-xp 00000000 07:00 1882174                    /lib/x86_64-linux-gnu/libnsl-2.15.so
7fb1a4c67000-7fb1a4e66000 ---p 00017000 07:00 1882174                    /lib/x86_64-linux-gnu/libnsl-2.15.so
7fb1a4e66000-7fb1a4e67000 r--p 00016000 07:00 1882174                    /lib/x86_64-linux-gnu/libnsl-2.15.so
7fb1a4e67000-7fb1a4e68000 rw-p 00017000 07:00 1882174                    /lib/x86_64-linux-gnu/libnsl-2.15.so
7fb1a4e68000-7fb1a4e6a000 rw-p 00000000 00:00 0 
7fb1a4e6a000-7fb1a4e72000 r-xp 00000000 07:00 1882166                    /lib/x86_64-linux-gnu/libnss_compat-2.15.so
7fb1a4e72000-7fb1a5071000 ---p 00008000 07:00 1882166                    /lib/x86_64-linux-gnu/libnss_compat-2.15.so
7fb1a5071000-7fb1a5072000 r--p 00007000 07:00 1882166                    /lib/x86_64-linux-gnu/libnss_compat-2.15.so
7fb1a5072000-7fb1a5073000 rw-p 00008000 07:00 1882166                    /lib/x86_64-linux-gnu/libnss_compat-2.15.so
7fb1a5073000-7fb1a533c000 r--p 00000000 07:00 711681                     /usr/lib/locale/locale-archive
7fb1a533c000-7fb1a533f000 r-xp 00000000 07:00 442484                     /usr/lib/jvm/java-6-openjdk-amd64/jre/lib/amd64/libnpt.so
7fb1a533f000-7fb1a553e000 ---p 00003000 07:00 442484                     /usr/lib/jvm/java-6-openjdk-amd64/jre/lib/amd64/libnpt.so
7fb1a553e000-7fb1a553f000 r--p 00002000 07:00 442484                     /usr/lib/jvm/java-6-openjdk-amd64/jre/lib/amd64/libnpt.so
7fb1a553f000-7fb1a5540000 rw-p 00003000 07:00 442484                     /usr/lib/jvm/java-6-openjdk-amd64/jre/lib/amd64/libnpt.so
7fb1a5540000-7fb1a557a000 r-xp 00000000 07:00 442491                     /usr/lib/jvm/java-6-openjdk-amd64/jre/lib/amd64/libjdwp.so
7fb1a557a000-7fb1a5779000 ---p 0003a000 07:00 442491                     /usr/lib/jvm/java-6-openjdk-amd64/jre/lib/amd64/libjdwp.so
7fb1a5779000-7fb1a577a000 r--p 00039000 07:00 442491                     /usr/lib/jvm/java-6-openjdk-amd64/jre/lib/amd64/libjdwp.so
7fb1a577a000-7fb1a577b000 rw-p 0003a000 07:00 442491                     /usr/lib/jvm/java-6-openjdk-amd64/jre/lib/amd64/libjdwp.so
7fb1a577b000-7fb1a57a7000 r-xp 00000000 07:00 442502                     /usr/lib/jvm/java-6-openjdk-amd64/jre/lib/amd64/libjava.so
7fb1a57a7000-7fb1a59a6000 ---p 0002c000 07:00 442502                     /usr/lib/jvm/java-6-openjdk-amd64/jre/lib/amd64/libjava.so
7fb1a59a6000-7fb1a59a7000 r--p 0002b000 07:00 442502                     /usr/lib/jvm/java-6-openjdk-amd64/jre/lib/amd64/libjava.so
7fb1a59a7000-7fb1a59aa000 rw-p 0002c000 07:00 442502                     /usr/lib/jvm/java-6-openjdk-amd64/jre/lib/amd64/libjava.so
7fb1a59aa000-7fb1a59b8000 r-xp 00000000 07:00 442501                     /usr/lib/jvm/java-6-openjdk-amd64/jre/lib/amd64/libverify.so
7fb1a59b8000-7fb1a5bb7000 ---p 0000e000 07:00 442501                     /usr/lib/jvm/java-6-openjdk-amd64/jre/lib/amd64/libverify.so
7fb1a5bb7000-7fb1a5bb9000 r--p 0000d000 07:00 442501                     /usr/lib/jvm/java-6-openjdk-amd64/jre/lib/amd64/libverify.so
7fb1a5bb9000-7fb1a5bba000 rw-p 0000f000 07:00 442501                     /usr/lib/jvm/java-6-openjdk-amd64/jre/lib/amd64/libverify.so
7fb1a5bba000-7fb1a5bc1000 r-xp 00000000 07:00 1882159                    /lib/x86_64-linux-gnu/librt-2.15.so
7fb1a5bc1000-7fb1a5dc0000 ---p 00007000 07:00 1882159                    /lib/x86_64-linux-gnu/librt-2.15.so
7fb1a5dc0000-7fb1a5dc1000 r--p 00006000 07:00 1882159                    /lib/x86_64-linux-gnu/librt-2.15.so
7fb1a5dc1000-7fb1a5dc2000 rw-p 00007000 07:00 1882159                    /lib/x86_64-linux-gnu/librt-2.15.so
7fb1a5dc2000-7fb1a5dd7000 r-xp 00000000 07:00 205899                     /lib/x86_64-linux-gnu/libgcc_s.so.1
7fb1a5dd7000-7fb1a5fd6000 ---p 00015000 07:00 205899                     /lib/x86_64-linux-gnu/libgcc_s.so.1
7fb1a5fd6000-7fb1a5fd7000 r--p 00014000 07:00 205899                     /lib/x86_64-linux-gnu/libgcc_s.so.1
7fb1a5fd7000-7fb1a5fd8000 rw-p 00015000 07:00 205899                     /lib/x86_64-linux-gnu/libgcc_s.so.1
7fb1a5fd8000-7fb1a60d3000 r-xp 00000000 07:00 1882163                    /lib/x86_64-linux-gnu/libm-2.15.so
7fb1a60d3000-7fb1a62d2000 ---p 000fb000 07:00 1882163                    /lib/x86_64-linux-gnu/libm-2.15.so
7fb1a62d2000-7fb1a62d3000 r--p 000fa000 07:00 1882163                    /lib/x86_64-linux-gnu/libm-2.15.so
7fb1a62d3000-7fb1a62d4000 rw-p 000fb000 07:00 1882163                    /lib/x86_64-linux-gnu/libm-2.15.so
7fb1a62d4000-7fb1a63b6000 r-xp 00000000 07:00 164551                     /usr/lib/x86_64-linux-gnu/libstdc++.so.6.0.16
7fb1a63b6000-7fb1a65b5000 ---p 000e2000 07:00 164551                     /usr/lib/x86_64-linux-gnu/libstdc++.so.6.0.16
7fb1a65b5000-7fb1a65bd000 r--p 000e1000 07:00 164551                     /usr/lib/x86_64-linux-gnu/libstdc++.so.6.0.16
7fb1a65bd000-7fb1a65bf000 rw-p 000e9000 07:00 164551                     /usr/lib/x86_64-linux-gnu/libstdc++.so.6.0.16
7fb1a65bf000-7fb1a65d4000 rw-p 00000000 00:00 0 
7fb1a65d4000-7fb1a6ed8000 r-xp 00000000 07:00 443406                     /usr/lib/jvm/java-6-openjdk-amd64/jre/lib/amd64/server/libjvm.so
7fb1a6ed8000-7fb1a70d8000 ---p 00904000 07:00 443406                     /usr/lib/jvm/java-6-openjdk-amd64/jre/lib/amd64/server/libjvm.so
7fb1a70d8000-7fb1a7158000 r--p 00904000 07:00 443406                     /usr/lib/jvm/java-6-openjdk-amd64/jre/lib/amd64/server/libjvm.so
7fb1a7158000-7fb1a7173000 rw-p 00984000 07:00 443406                     /usr/lib/jvm/java-6-openjdk-amd64/jre/lib/amd64/server/libjvm.so
7fb1a7173000-7fb1a719c000 rw-p 00000000 00:00 0 
7fb1a719c000-7fb1a71b2000 r-xp 00000000 07:00 205925                     /lib/x86_64-linux-gnu/libz.so.1.2.3.4
7fb1a71b2000-7fb1a73b1000 ---p 00016000 07:00 205925                     /lib/x86_64-linux-gnu/libz.so.1.2.3.4
7fb1a73b1000-7fb1a73b2000 r--p 00015000 07:00 205925                     /lib/x86_64-linux-gnu/libz.so.1.2.3.4
7fb1a73b2000-7fb1a73b3000 rw-p 00016000 07:00 205925                     /lib/x86_64-linux-gnu/libz.so.1.2.3.4
7fb1a73b3000-7fb1a7565000 r-xp 00000000 07:00 1882155                    /lib/x86_64-linux-gnu/libc-2.15.so
7fb1a7565000-7fb1a7765000 ---p 001b2000 07:00 1882155                    /lib/x86_64-linux-gnu/libc-2.15.so
7fb1a7765000-7fb1a7769000 r--p 001b2000 07:00 1882155                    /lib/x86_64-linux-gnu/libc-2.15.so
7fb1a7769000-7fb1a776b000 rw-p 001b6000 07:00 1882155                    /lib/x86_64-linux-gnu/libc-2.15.so
7fb1a776b000-7fb1a7770000 rw-p 00000000 00:00 0 
7fb1a7770000-7fb1a7772000 r-xp 00000000 07:00 309357                     /lib/x86_64-linux-gnu/libdl-2.15.so
7fb1a7772000-7fb1a7972000 ---p 00002000 07:00 309357                     /lib/x86_64-linux-gnu/libdl-2.15.so
7fb1a7972000-7fb1a7973000 r--p 00002000 07:00 309357                     /lib/x86_64-linux-gnu/libdl-2.15.so
7fb1a7973000-7fb1a7974000 rw-p 00003000 07:00 309357                     /lib/x86_64-linux-gnu/libdl-2.15.so
7fb1a7974000-7fb1a7978000 r-xp 00000000 07:00 442487                     /usr/lib/jvm/java-6-openjdk-amd64/jre/lib/amd64/jli/libjli.so
7fb1a7978000-7fb1a7b77000 ---p 00004000 07:00 442487                     /usr/lib/jvm/java-6-openjdk-amd64/jre/lib/amd64/jli/libjli.so
7fb1a7b77000-7fb1a7b78000 r--p 00003000 07:00 442487                     /usr/lib/jvm/java-6-openjdk-amd64/jre/lib/amd64/jli/libjli.so
7fb1a7b78000-7fb1a7b79000 rw-p 00004000 07:00 442487                     /usr/lib/jvm/java-6-openjdk-amd64/jre/lib/amd64/jli/libjli.so
7fb1a7b79000-7fb1a7b91000 r-xp 00000000 07:00 1882157                    /lib/x86_64-linux-gnu/libpthread-2.15.so
7fb1a7b91000-7fb1a7d90000 ---p 00018000 07:00 1882157                    /lib/x86_64-linux-gnu/libpthread-2.15.so
7fb1a7d90000-7fb1a7d91000 r--p 00017000 07:00 1882157                    /lib/x86_64-linux-gnu/libpthread-2.15.so
7fb1a7d91000-7fb1a7d92000 rw-p 00018000 07:00 1882157                    /lib/x86_64-linux-gnu/libpthread-2.15.so
7fb1a7d92000-7fb1a7d96000 rw-p 00000000 00:00 0 
7fb1a7d96000-7fb1a7db8000 r-xp 00000000 07:00 1882169                    /lib/x86_64-linux-gnu/ld-2.15.so
7fb1a7dce000-7fb1a7dd8000 rw-p 00000000 00:00 0 
7fb1a7dd8000-7fb1a7e8e000 rw-p 00000000 00:00 0 
7fb1a7e8e000-7fb1a7e91000 ---p 00000000 00:00 0 
7fb1a7e91000-7fb1a7f94000 rw-p 00000000 00:00 0 
7fb1a7fac000-7fb1a7fb4000 rw-s 00000000 07:00 107552                     /tmp/hsperfdata_kevin/26924
7fb1a7fb4000-7fb1a7fb5000 rw-p 00000000 00:00 0 
7fb1a7fb5000-7fb1a7fb6000 r--p 00000000 00:00 0 
7fb1a7fb6000-7fb1a7fb8000 rw-p 00000000 00:00 0 
7fb1a7fb8000-7fb1a7fb9000 r--p 00022000 07:00 1882169                    /lib/x86_64-linux-gnu/ld-2.15.so
7fb1a7fb9000-7fb1a7fbb000 rw-p 00023000 07:00 1882169                    /lib/x86_64-linux-gnu/ld-2.15.so
7fffd6d71000-7fffd6d92000 rw-p 00000000 00:00 0                          [stack]
7fffd6dff000-7fffd6e00000 r-xp 00000000 00:00 0                          [vdso]
ffffffffff600000-ffffffffff601000 r-xp 00000000 00:00 0                  [vsyscall]

VM Arguments:
jvm_args: -Xdebug -Xnoagent -Djava.compiler=NONE -Xrunjdwp:transport=dt_socket,suspend=y,address=localhost:37074 -Dfile.encoding=UTF-8 -Xbootclasspath:/home/kevin/android-sdks/platforms/android-16/android.jar:/home/kevin/android-sdks/add-ons/addon-google_apis-google-16/libs/effects.jar:/home/kevin/android-sdks/add-ons/addon-google_apis-google-16/libs/usb.jar:/home/kevin/android-sdks/add-ons/addon-google_apis-google-16/libs/maps.jar 
java_command: com.kevingil.gwhs.DailyBulletin
Launcher Type: SUN_STANDARD

Environment Variables:
PATH=/usr/lib/lightdm/lightdm:/usr/local/sbin:/usr/local/bin:/usr/sbin:/usr/bin:/sbin:/bin:/usr/games
LD_LIBRARY_PATH=/usr/lib/jvm/java-6-openjdk-amd64/jre/lib/amd64/server:/usr/lib/jvm/java-6-openjdk-amd64/jre/lib/amd64:/usr/lib/jvm/java-6-openjdk-amd64/jre/../lib/amd64
SHELL=/bin/bash
DISPLAY=:0.0

Signal Handlers:
SIGSEGV: [libjvm.so+0x784310], sa_mask[0]=0x7ffbfeff, sa_flags=0x10000004
SIGBUS: [libjvm.so+0x784310], sa_mask[0]=0x7ffbfeff, sa_flags=0x10000004
SIGFPE: [libjvm.so+0x648580], sa_mask[0]=0x7ffbfeff, sa_flags=0x10000004
SIGPIPE: [libjvm.so+0x648580], sa_mask[0]=0x7ffbfeff, sa_flags=0x10000004
SIGXFSZ: [libjvm.so+0x648580], sa_mask[0]=0x7ffbfeff, sa_flags=0x10000004
SIGILL: [libjvm.so+0x648580], sa_mask[0]=0x7ffbfeff, sa_flags=0x10000004
SIGUSR1: SIG_DFL, sa_mask[0]=0x00000000, sa_flags=0x00000000
SIGUSR2: [libjvm.so+0x648730], sa_mask[0]=0x00000004, sa_flags=0x10000004
SIGHUP: SIG_DFL, sa_mask[0]=0x00000000, sa_flags=0x00000000
SIGINT: SIG_DFL, sa_mask[0]=0x00000000, sa_flags=0x00000000
SIGTERM: SIG_DFL, sa_mask[0]=0x00000000, sa_flags=0x00000000
SIGQUIT: SIG_DFL, sa_mask[0]=0x00000000, sa_flags=0x00000000


---------------  S Y S T E M  ---------------

OS:Ubuntu 12.04 (precise)
uname:Linux 3.2.0-30-generic #48-Ubuntu SMP Fri Aug 24 16:52:48 UTC 2012 x86_64
libc:glibc 2.15 NPTL 2.15 
rlimit: STACK 8192k, CORE 0k, NPROC 27303, NOFILE 4096, AS infinity
load average:6.39 5.66 4.91

/proc/meminfo:
MemTotal:        3512416 kB
MemFree:          148280 kB
Buffers:          321444 kB
Cached:           456912 kB
SwapCached:       100344 kB
Active:          1886308 kB
Inactive:         956208 kB
Active(anon):    1501948 kB
Inactive(anon):   570312 kB
Active(file):     384360 kB
Inactive(file):   385896 kB
Unevictable:        2684 kB
Mlocked:              16 kB
SwapTotal:        262140 kB
SwapFree:              0 kB
Dirty:              6848 kB
Writeback:             0 kB
AnonPages:       1966924 kB
Mapped:           253932 kB
Shmem:              5224 kB
Slab:             113944 kB
SReclaimable:      78884 kB
SUnreclaim:        35060 kB
KernelStack:        4696 kB
PageTables:        43248 kB
NFS_Unstable:          0 kB
Bounce:                0 kB
WritebackTmp:          0 kB
CommitLimit:     2018348 kB
Committed_AS:    5620456 kB
VmallocTotal:   34359738367 kB
VmallocUsed:      108036 kB
VmallocChunk:   34359627344 kB
HardwareCorrupted:     0 kB
AnonHugePages:         0 kB
HugePages_Total:       0
HugePages_Free:        0
HugePages_Rsvd:        0
HugePages_Surp:        0
Hugepagesize:       2048 kB
DirectMap4k:      769024 kB
DirectMap2M:     2883584 kB
DirectMap1G:           0 kB


CPU:total 2 (2 cores per cpu, 1 threads per core) family 18 model 1 stepping 0, cmov, cx8, fxsr, mmx, sse, sse2, sse3, popcnt, mmxext, 3dnowpref, lzcnt, sse4a

Memory: 4k page, physical 3512416k(148280k free), swap 262140k(0k free)

vm_info: OpenJDK 64-Bit Server VM (20.0-b12) for linux-amd64 JRE (1.6.0_24-b24), built on Sep  2 2012 19:50:47 by "buildd" with gcc 4.6.3

time: Sun Sep 30 19:57:39 2012
elapsed time: 0 seconds

