#
# A fatal error has been detected by the Java Runtime Environment:
#
#  Internal Error (classFileParser.cpp:3494), pid=5803, tid=139782091671296
#  Error: ShouldNotReachHere()
#
# JRE version: 6.0_24-b24
# Java VM: OpenJDK 64-Bit Server VM (20.0-b12 mixed mode linux-amd64 compressed oops)
# Derivative: IcedTea6 1.11.3
# Distribution: Ubuntu 12.04 LTS, package 6b24-1.11.3-1ubuntu0.12.04.1
# If you would like to submit a bug report, please include
# instructions how to reproduce the bug and visit:
#   https://bugs.launchpad.net/ubuntu/+source/openjdk-6/
#

---------------  T H R E A D  ---------------

Current thread (0x00007f218400a800):  JavaThread "Unknown thread" [_thread_in_vm, id=5809, stack(0x00007f218ddb8000,0x00007f218deb9000)]

Stack: [0x00007f218ddb8000,0x00007f218deb9000],  sp=0x00007f218deb7080,  free space=1020k
Native frames: (J=compiled Java code, j=interpreted, Vv=VM code, C=native code)
V  [libjvm.so+0x7836d5]  VMError::report(outputStream*)+0x1255
V  [libjvm.so+0x783959]  VMError::report_and_die()+0x169
V  [libjvm.so+0x3bb18a]  report_vm_error(char const*, int, char const*, char const*)+0x4a
V  [libjvm.so+0x351555]  ClassFileParser::parseClassFile(symbolHandle, Handle, Handle, KlassHandle, GrowableArray<Handle>*, symbolHandle&, bool, Thread*)+0x1545
V  [libjvm.so+0x3557b3]  ClassLoader::load_classfile(symbolHandle, Thread*)+0x1f3
V  [libjvm.so+0x71b894]  SystemDictionary::load_instance_class(symbolHandle, Handle, Thread*)+0x354
V  [libjvm.so+0x719fa0]  SystemDictionary::resolve_instance_class_or_null(symbolHandle, Handle, Handle, Thread*)+0x7c0
V  [libjvm.so+0x71bf23]  SystemDictionary::resolve_or_fail(symbolHandle, Handle, Handle, bool, Thread*)+0x33
V  [libjvm.so+0x71c004]  SystemDictionary::resolve_or_fail(symbolHandle, bool, Thread*)+0x14
V  [libjvm.so+0x71c0b0]  SystemDictionary::initialize_wk_klass(SystemDictionary::WKID, int, Thread*)+0xa0
V  [libjvm.so+0x71c119]  SystemDictionary::initialize_wk_klasses_until(SystemDictionary::WKID, SystemDictionary::WKID&, Thread*)+0x59
V  [libjvm.so+0x71c211]  SystemDictionary::initialize_preloaded_classes(Thread*)+0x71
V  [libjvm.so+0x75fa8f]  Universe::genesis(Thread*)+0x11f
V  [libjvm.so+0x76043f]  universe2_init()+0x1f
V  [libjvm.so+0x473f25]  init_globals()+0x95
V  [libjvm.so+0x74a3ca]  Threads::create_vm(JavaVMInitArgs*, bool*)+0x1ea
V  [libjvm.so+0x4cdbf1]  JNI_CreateJavaVM+0x61
C  [java+0x317e]  JavaMain+0x7e


---------------  P R O C E S S  ---------------

Java Threads: ( => current thread )

Other Threads:

=>0x00007f218400a800 (exited) JavaThread "Unknown thread" [_thread_in_vm, id=5809, stack(0x00007f218ddb8000,0x00007f218deb9000)]

VM state:not at safepoint (not fully initialized)

VM Mutex/Monitor currently owned by a thread: None

Dynamic libraries:
00400000-00409000 r-xp 00000000 07:00 1309812                            /usr/lib/jvm/java-6-openjdk-amd64/jre/bin/java
00608000-00609000 r--p 00008000 07:00 1309812                            /usr/lib/jvm/java-6-openjdk-amd64/jre/bin/java
00609000-0060a000 rw-p 00009000 07:00 1309812                            /usr/lib/jvm/java-6-openjdk-amd64/jre/bin/java
02038000-02059000 rw-p 00000000 00:00 0                                  [heap]
c0000000-c14c0000 rw-p 00000000 00:00 0 
c14c0000-ca600000 rw-p 00000000 00:00 0 
ca600000-cc9c0000 rw-p 00000000 00:00 0 
cc9c0000-ee200000 rw-p 00000000 00:00 0 
ee200000-ef3e0000 rw-p 00000000 00:00 0 
ef3e0000-100000000 rw-p 00000000 00:00 0 
7f2174000000-7f2174021000 rw-p 00000000 00:00 0 
7f2174021000-7f2178000000 ---p 00000000 00:00 0 
7f217c000000-7f217c021000 rw-p 00000000 00:00 0 
7f217c021000-7f2180000000 ---p 00000000 00:00 0 
7f2181000000-7f2181270000 rwxp 00000000 00:00 0 
7f2181270000-7f218407e000 rw-p 00000000 00:00 0 
7f218407e000-7f2188000000 ---p 00000000 00:00 0 
7f2189efd000-7f2189fbf000 r--s 010b9000 07:00 2182174                    /home/kevin/android-sdks/platforms/android-16/android.jar
7f2189fbf000-7f2189fe7000 rw-p 00000000 00:00 0 
7f2189fe7000-7f2189fe8000 ---p 00000000 00:00 0 
7f2189fe8000-7f218a0e8000 rw-p 00000000 00:00 0 
7f218a0e8000-7f218a0e9000 ---p 00000000 00:00 0 
7f218a0e9000-7f218a1f4000 rw-p 00000000 00:00 0 
7f218a1f4000-7f218a23c000 rw-p 00000000 00:00 0 
7f218a23c000-7f218a24e000 rw-p 00000000 00:00 0 
7f218a24e000-7f218a35a000 rw-p 00000000 00:00 0 
7f218a35a000-7f218a365000 rw-p 00000000 00:00 0 
7f218a365000-7f218a3ad000 rw-p 00000000 00:00 0 
7f218a3ad000-7f218a3bf000 rw-p 00000000 00:00 0 
7f218a3bf000-7f218a4cb000 rw-p 00000000 00:00 0 
7f218a4cb000-7f218a4d4000 rw-p 00000000 00:00 0 
7f218a4d4000-7f218a55a000 rw-p 00000000 00:00 0 
7f218a55a000-7f218a55b000 rw-p 00000000 00:00 0 
7f218a55b000-7f218a562000 r-xp 00000000 07:00 415107                     /usr/lib/jvm/java-6-openjdk-amd64/jre/lib/amd64/libzip.so
7f218a562000-7f218a761000 ---p 00007000 07:00 415107                     /usr/lib/jvm/java-6-openjdk-amd64/jre/lib/amd64/libzip.so
7f218a761000-7f218a762000 r--p 00006000 07:00 415107                     /usr/lib/jvm/java-6-openjdk-amd64/jre/lib/amd64/libzip.so
7f218a762000-7f218a763000 rw-p 00007000 07:00 415107                     /usr/lib/jvm/java-6-openjdk-amd64/jre/lib/amd64/libzip.so
7f218a763000-7f218a76f000 r-xp 00000000 07:00 206018                     /lib/x86_64-linux-gnu/libnss_files-2.15.so
7f218a76f000-7f218a96e000 ---p 0000c000 07:00 206018                     /lib/x86_64-linux-gnu/libnss_files-2.15.so
7f218a96e000-7f218a96f000 r--p 0000b000 07:00 206018                     /lib/x86_64-linux-gnu/libnss_files-2.15.so
7f218a96f000-7f218a970000 rw-p 0000c000 07:00 206018                     /lib/x86_64-linux-gnu/libnss_files-2.15.so
7f218a970000-7f218a97a000 r-xp 00000000 07:00 206023                     /lib/x86_64-linux-gnu/libnss_nis-2.15.so
7f218a97a000-7f218ab7a000 ---p 0000a000 07:00 206023                     /lib/x86_64-linux-gnu/libnss_nis-2.15.so
7f218ab7a000-7f218ab7b000 r--p 0000a000 07:00 206023                     /lib/x86_64-linux-gnu/libnss_nis-2.15.so
7f218ab7b000-7f218ab7c000 rw-p 0000b000 07:00 206023                     /lib/x86_64-linux-gnu/libnss_nis-2.15.so
7f218ab7c000-7f218ab93000 r-xp 00000000 07:00 205926                     /lib/x86_64-linux-gnu/libnsl-2.15.so
7f218ab93000-7f218ad92000 ---p 00017000 07:00 205926                     /lib/x86_64-linux-gnu/libnsl-2.15.so
7f218ad92000-7f218ad93000 r--p 00016000 07:00 205926                     /lib/x86_64-linux-gnu/libnsl-2.15.so
7f218ad93000-7f218ad94000 rw-p 00017000 07:00 205926                     /lib/x86_64-linux-gnu/libnsl-2.15.so
7f218ad94000-7f218ad96000 rw-p 00000000 00:00 0 
7f218ad96000-7f218ad9e000 r-xp 00000000 07:00 205866                     /lib/x86_64-linux-gnu/libnss_compat-2.15.so
7f218ad9e000-7f218af9d000 ---p 00008000 07:00 205866                     /lib/x86_64-linux-gnu/libnss_compat-2.15.so
7f218af9d000-7f218af9e000 r--p 00007000 07:00 205866                     /lib/x86_64-linux-gnu/libnss_compat-2.15.so
7f218af9e000-7f218af9f000 rw-p 00008000 07:00 205866                     /lib/x86_64-linux-gnu/libnss_compat-2.15.so
7f218af9f000-7f218b268000 r--p 00000000 07:00 711681                     /usr/lib/locale/locale-archive
7f218b268000-7f218b26b000 r-xp 00000000 07:00 415101                     /usr/lib/jvm/java-6-openjdk-amd64/jre/lib/amd64/libnpt.so
7f218b26b000-7f218b46a000 ---p 00003000 07:00 415101                     /usr/lib/jvm/java-6-openjdk-amd64/jre/lib/amd64/libnpt.so
7f218b46a000-7f218b46b000 r--p 00002000 07:00 415101                     /usr/lib/jvm/java-6-openjdk-amd64/jre/lib/amd64/libnpt.so
7f218b46b000-7f218b46c000 rw-p 00003000 07:00 415101                     /usr/lib/jvm/java-6-openjdk-amd64/jre/lib/amd64/libnpt.so
7f218b46c000-7f218b4a6000 r-xp 00000000 07:00 415095                     /usr/lib/jvm/java-6-openjdk-amd64/jre/lib/amd64/libjdwp.so
7f218b4a6000-7f218b6a5000 ---p 0003a000 07:00 415095                     /usr/lib/jvm/java-6-openjdk-amd64/jre/lib/amd64/libjdwp.so
7f218b6a5000-7f218b6a6000 r--p 00039000 07:00 415095                     /usr/lib/jvm/java-6-openjdk-amd64/jre/lib/amd64/libjdwp.so
7f218b6a6000-7f218b6a7000 rw-p 0003a000 07:00 415095                     /usr/lib/jvm/java-6-openjdk-amd64/jre/lib/amd64/libjdwp.so
7f218b6a7000-7f218b6d3000 r-xp 00000000 07:00 415091                     /usr/lib/jvm/java-6-openjdk-amd64/jre/lib/amd64/libjava.so
7f218b6d3000-7f218b8d2000 ---p 0002c000 07:00 415091                     /usr/lib/jvm/java-6-openjdk-amd64/jre/lib/amd64/libjava.so
7f218b8d2000-7f218b8d3000 r--p 0002b000 07:00 415091                     /usr/lib/jvm/java-6-openjdk-amd64/jre/lib/amd64/libjava.so
7f218b8d3000-7f218b8d6000 rw-p 0002c000 07:00 415091                     /usr/lib/jvm/java-6-openjdk-amd64/jre/lib/amd64/libjava.so
7f218b8d6000-7f218b8e4000 r-xp 00000000 07:00 415100                     /usr/lib/jvm/java-6-openjdk-amd64/jre/lib/amd64/libverify.so
7f218b8e4000-7f218bae3000 ---p 0000e000 07:00 415100                     /usr/lib/jvm/java-6-openjdk-amd64/jre/lib/amd64/libverify.so
7f218bae3000-7f218bae5000 r--p 0000d000 07:00 415100                     /usr/lib/jvm/java-6-openjdk-amd64/jre/lib/amd64/libverify.so
7f218bae5000-7f218bae6000 rw-p 0000f000 07:00 415100                     /usr/lib/jvm/java-6-openjdk-amd64/jre/lib/amd64/libverify.so
7f218bae6000-7f218baed000 r-xp 00000000 07:00 205890                     /lib/x86_64-linux-gnu/librt-2.15.so
7f218baed000-7f218bcec000 ---p 00007000 07:00 205890                     /lib/x86_64-linux-gnu/librt-2.15.so
7f218bcec000-7f218bced000 r--p 00006000 07:00 205890                     /lib/x86_64-linux-gnu/librt-2.15.so
7f218bced000-7f218bcee000 rw-p 00007000 07:00 205890                     /lib/x86_64-linux-gnu/librt-2.15.so
7f218bcee000-7f218bd03000 r-xp 00000000 07:00 205899                     /lib/x86_64-linux-gnu/libgcc_s.so.1
7f218bd03000-7f218bf02000 ---p 00015000 07:00 205899                     /lib/x86_64-linux-gnu/libgcc_s.so.1
7f218bf02000-7f218bf03000 r--p 00014000 07:00 205899                     /lib/x86_64-linux-gnu/libgcc_s.so.1
7f218bf03000-7f218bf04000 rw-p 00015000 07:00 205899                     /lib/x86_64-linux-gnu/libgcc_s.so.1
7f218bf04000-7f218bffd000 r-xp 00000000 07:00 205902                     /lib/x86_64-linux-gnu/libm-2.15.so
7f218bffd000-7f218c1fc000 ---p 000f9000 07:00 205902                     /lib/x86_64-linux-gnu/libm-2.15.so
7f218c1fc000-7f218c1fd000 r--p 000f8000 07:00 205902                     /lib/x86_64-linux-gnu/libm-2.15.so
7f218c1fd000-7f218c1fe000 rw-p 000f9000 07:00 205902                     /lib/x86_64-linux-gnu/libm-2.15.so
7f218c1fe000-7f218c2e0000 r-xp 00000000 07:00 164551                     /usr/lib/x86_64-linux-gnu/libstdc++.so.6.0.16
7f218c2e0000-7f218c4df000 ---p 000e2000 07:00 164551                     /usr/lib/x86_64-linux-gnu/libstdc++.so.6.0.16
7f218c4df000-7f218c4e7000 r--p 000e1000 07:00 164551                     /usr/lib/x86_64-linux-gnu/libstdc++.so.6.0.16
7f218c4e7000-7f218c4e9000 rw-p 000e9000 07:00 164551                     /usr/lib/x86_64-linux-gnu/libstdc++.so.6.0.16
7f218c4e9000-7f218c4fe000 rw-p 00000000 00:00 0 
7f218c4fe000-7f218ce02000 r-xp 00000000 07:00 1459369                    /usr/lib/jvm/java-6-openjdk-amd64/jre/lib/amd64/server/libjvm.so
7f218ce02000-7f218d002000 ---p 00904000 07:00 1459369                    /usr/lib/jvm/java-6-openjdk-amd64/jre/lib/amd64/server/libjvm.so
7f218d002000-7f218d082000 r--p 00904000 07:00 1459369                    /usr/lib/jvm/java-6-openjdk-amd64/jre/lib/amd64/server/libjvm.so
7f218d082000-7f218d09d000 rw-p 00984000 07:00 1459369                    /usr/lib/jvm/java-6-openjdk-amd64/jre/lib/amd64/server/libjvm.so
7f218d09d000-7f218d0c6000 rw-p 00000000 00:00 0 
7f218d0c6000-7f218d0dc000 r-xp 00000000 07:00 205925                     /lib/x86_64-linux-gnu/libz.so.1.2.3.4
7f218d0dc000-7f218d2db000 ---p 00016000 07:00 205925                     /lib/x86_64-linux-gnu/libz.so.1.2.3.4
7f218d2db000-7f218d2dc000 r--p 00015000 07:00 205925                     /lib/x86_64-linux-gnu/libz.so.1.2.3.4
7f218d2dc000-7f218d2dd000 rw-p 00016000 07:00 205925                     /lib/x86_64-linux-gnu/libz.so.1.2.3.4
7f218d2dd000-7f218d490000 r-xp 00000000 07:00 206039                     /lib/x86_64-linux-gnu/libc-2.15.so
7f218d490000-7f218d68f000 ---p 001b3000 07:00 206039                     /lib/x86_64-linux-gnu/libc-2.15.so
7f218d68f000-7f218d693000 r--p 001b2000 07:00 206039                     /lib/x86_64-linux-gnu/libc-2.15.so
7f218d693000-7f218d695000 rw-p 001b6000 07:00 206039                     /lib/x86_64-linux-gnu/libc-2.15.so
7f218d695000-7f218d69a000 rw-p 00000000 00:00 0 
7f218d69a000-7f218d69c000 r-xp 00000000 07:00 205953                     /lib/x86_64-linux-gnu/libdl-2.15.so
7f218d69c000-7f218d89c000 ---p 00002000 07:00 205953                     /lib/x86_64-linux-gnu/libdl-2.15.so
7f218d89c000-7f218d89d000 r--p 00002000 07:00 205953                     /lib/x86_64-linux-gnu/libdl-2.15.so
7f218d89d000-7f218d89e000 rw-p 00003000 07:00 205953                     /lib/x86_64-linux-gnu/libdl-2.15.so
7f218d89e000-7f218d8a2000 r-xp 00000000 07:00 418231                     /usr/lib/jvm/java-6-openjdk-amd64/jre/lib/amd64/jli/libjli.so
7f218d8a2000-7f218daa1000 ---p 00004000 07:00 418231                     /usr/lib/jvm/java-6-openjdk-amd64/jre/lib/amd64/jli/libjli.so
7f218daa1000-7f218daa2000 r--p 00003000 07:00 418231                     /usr/lib/jvm/java-6-openjdk-amd64/jre/lib/amd64/jli/libjli.so
7f218daa2000-7f218daa3000 rw-p 00004000 07:00 418231                     /usr/lib/jvm/java-6-openjdk-amd64/jre/lib/amd64/jli/libjli.so
7f218daa3000-7f218dabb000 r-xp 00000000 07:00 205900                     /lib/x86_64-linux-gnu/libpthread-2.15.so
7f218dabb000-7f218dcba000 ---p 00018000 07:00 205900                     /lib/x86_64-linux-gnu/libpthread-2.15.so
7f218dcba000-7f218dcbb000 r--p 00017000 07:00 205900                     /lib/x86_64-linux-gnu/libpthread-2.15.so
7f218dcbb000-7f218dcbc000 rw-p 00018000 07:00 205900                     /lib/x86_64-linux-gnu/libpthread-2.15.so
7f218dcbc000-7f218dcc0000 rw-p 00000000 00:00 0 
7f218dcc0000-7f218dce2000 r-xp 00000000 07:00 205873                     /lib/x86_64-linux-gnu/ld-2.15.so
7f218dcf8000-7f218dd02000 rw-p 00000000 00:00 0 
7f218dd02000-7f218ddb8000 rw-p 00000000 00:00 0 
7f218ddb8000-7f218ddbb000 ---p 00000000 00:00 0 
7f218ddbb000-7f218debe000 rw-p 00000000 00:00 0 
7f218ded6000-7f218dede000 rw-s 00000000 07:00 107551                     /tmp/hsperfdata_kevin/5803
7f218dede000-7f218dedf000 rw-p 00000000 00:00 0 
7f218dedf000-7f218dee0000 r--p 00000000 00:00 0 
7f218dee0000-7f218dee2000 rw-p 00000000 00:00 0 
7f218dee2000-7f218dee3000 r--p 00022000 07:00 205873                     /lib/x86_64-linux-gnu/ld-2.15.so
7f218dee3000-7f218dee5000 rw-p 00023000 07:00 205873                     /lib/x86_64-linux-gnu/ld-2.15.so
7fff3bd12000-7fff3bd33000 rw-p 00000000 00:00 0                          [stack]
7fff3bdff000-7fff3be00000 r-xp 00000000 00:00 0                          [vdso]
ffffffffff600000-ffffffffff601000 r-xp 00000000 00:00 0                  [vsyscall]

VM Arguments:
jvm_args: -agentlib:jdwp=transport=dt_socket,suspend=y,address=localhost:44440 -Dfile.encoding=UTF-8 -Xbootclasspath:/home/kevin/android-sdks/platforms/android-16/android.jar:/home/kevin/android-sdks/add-ons/addon-google_apis-google-16/libs/effects.jar:/home/kevin/android-sdks/add-ons/addon-google_apis-google-16/libs/usb.jar:/home/kevin/android-sdks/add-ons/addon-google_apis-google-16/libs/maps.jar 
java_command: com.kevingil.gwhs.DailyBulletin
Launcher Type: SUN_STANDARD

Environment Variables:
PATH=/usr/lib/lightdm/lightdm:/usr/local/sbin:/usr/local/bin:/usr/sbin:/usr/bin:/sbin:/bin:/usr/games
LD_LIBRARY_PATH=/usr/lib/jvm/java-6-openjdk-amd64/jre/lib/amd64/server:/usr/lib/jvm/java-6-openjdk-amd64/jre/lib/amd64:/usr/lib/jvm/java-6-openjdk-amd64/jre/../lib/amd64
SHELL=/bin/bash
DISPLAY=:0.0

Signal Handlers:
SIGSEGV: [libjvm.so+0x784310], sa_mask[0]=0x7ffbfeff, sa_flags=0x10000004
SIGBUS: [libjvm.so+0x784310], sa_mask[0]=0x7ffbfeff, sa_flags=0x10000004
SIGFPE: [libjvm.so+0x648580], sa_mask[0]=0x7ffbfeff, sa_flags=0x10000004
SIGPIPE: [libjvm.so+0x648580], sa_mask[0]=0x7ffbfeff, sa_flags=0x10000004
SIGXFSZ: [libjvm.so+0x648580], sa_mask[0]=0x7ffbfeff, sa_flags=0x10000004
SIGILL: [libjvm.so+0x648580], sa_mask[0]=0x7ffbfeff, sa_flags=0x10000004
SIGUSR1: SIG_DFL, sa_mask[0]=0x00000000, sa_flags=0x00000000
SIGUSR2: [libjvm.so+0x648730], sa_mask[0]=0x00000004, sa_flags=0x10000004
SIGHUP: SIG_DFL, sa_mask[0]=0x00000000, sa_flags=0x00000000
SIGINT: SIG_DFL, sa_mask[0]=0x00000000, sa_flags=0x00000000
SIGTERM: SIG_DFL, sa_mask[0]=0x00000000, sa_flags=0x00000000
SIGQUIT: SIG_DFL, sa_mask[0]=0x00000000, sa_flags=0x00000000


---------------  S Y S T E M  ---------------

OS:Ubuntu 12.04 (precise)
uname:Linux 3.2.0-30-generic #48-Ubuntu SMP Fri Aug 24 16:52:48 UTC 2012 x86_64
libc:glibc 2.15 NPTL 2.15 
rlimit: STACK 8192k, CORE 0k, NPROC 27303, NOFILE 4096, AS infinity
load average:1.71 1.33 1.35

/proc/meminfo:
MemTotal:        3512416 kB
MemFree:          311724 kB
Buffers:           70256 kB
Cached:           200772 kB
SwapCached:       160076 kB
Active:          2034076 kB
Inactive:         725416 kB
Active(anon):    1911432 kB
Inactive(anon):   601920 kB
Active(file):     122644 kB
Inactive(file):   123496 kB
Unevictable:        2656 kB
Mlocked:              16 kB
SwapTotal:        262140 kB
SwapFree:          80404 kB
Dirty:              2784 kB
Writeback:             0 kB
AnonPages:       2332004 kB
Mapped:           267144 kB
Shmem:             22196 kB
Slab:              76056 kB
SReclaimable:      44824 kB
SUnreclaim:        31232 kB
KernelStack:        4744 kB
PageTables:        45932 kB
NFS_Unstable:          0 kB
Bounce:                0 kB
WritebackTmp:          0 kB
CommitLimit:     2018348 kB
Committed_AS:    6089040 kB
VmallocTotal:   34359738367 kB
VmallocUsed:      108036 kB
VmallocChunk:   34359627344 kB
HardwareCorrupted:     0 kB
AnonHugePages:         0 kB
HugePages_Total:       0
HugePages_Free:        0
HugePages_Rsvd:        0
HugePages_Surp:        0
Hugepagesize:       2048 kB
DirectMap4k:      726016 kB
DirectMap2M:     2926592 kB
DirectMap1G:           0 kB


CPU:total 2 (2 cores per cpu, 1 threads per core) family 18 model 1 stepping 0, cmov, cx8, fxsr, mmx, sse, sse2, sse3, popcnt, mmxext, 3dnowpref, lzcnt, sse4a

Memory: 4k page, physical 3512416k(311724k free), swap 262140k(80404k free)

vm_info: OpenJDK 64-Bit Server VM (20.0-b12) for linux-amd64 JRE (1.6.0_24-b24), built on Jun 27 2012 02:37:21 by "buildd" with gcc 4.6.3

time: Sun Sep 30 18:01:20 2012
elapsed time: 0 seconds

