#
# A fatal error has been detected by the Java Runtime Environment:
#
#  Internal Error (classFileParser.cpp:3494), pid=20391, tid=140522657601280
#  Error: ShouldNotReachHere()
#
# JRE version: 6.0_24-b24
# Java VM: OpenJDK 64-Bit Server VM (20.0-b12 mixed mode linux-amd64 compressed oops)
# Derivative: IcedTea6 1.11.4
# Distribution: Ubuntu 12.04 LTS, package 6b24-1.11.4-1ubuntu0.12.04.1
# If you would like to submit a bug report, please include
# instructions how to reproduce the bug and visit:
#   https://bugs.launchpad.net/ubuntu/+source/openjdk-6/
#

---------------  T H R E A D  ---------------

Current thread (0x00007fcdf4008000):  JavaThread "Unknown thread" [_thread_in_vm, id=20396, stack(0x00007fcdfb06d000,0x00007fcdfb16e000)]

Stack: [0x00007fcdfb06d000,0x00007fcdfb16e000],  sp=0x00007fcdfb16c080,  free space=1020k
Native frames: (J=compiled Java code, j=interpreted, Vv=VM code, C=native code)
V  [libjvm.so+0x7836d5]  VMError::report(outputStream*)+0x1255
V  [libjvm.so+0x783959]  VMError::report_and_die()+0x169
V  [libjvm.so+0x3bb18a]  report_vm_error(char const*, int, char const*, char const*)+0x4a
V  [libjvm.so+0x351555]  ClassFileParser::parseClassFile(symbolHandle, Handle, Handle, KlassHandle, GrowableArray<Handle>*, symbolHandle&, bool, Thread*)+0x1545
V  [libjvm.so+0x3557b3]  ClassLoader::load_classfile(symbolHandle, Thread*)+0x1f3
V  [libjvm.so+0x71b894]  SystemDictionary::load_instance_class(symbolHandle, Handle, Thread*)+0x354
V  [libjvm.so+0x719fa0]  SystemDictionary::resolve_instance_class_or_null(symbolHandle, Handle, Handle, Thread*)+0x7c0
V  [libjvm.so+0x71bf23]  SystemDictionary::resolve_or_fail(symbolHandle, Handle, Handle, bool, Thread*)+0x33
V  [libjvm.so+0x71c004]  SystemDictionary::resolve_or_fail(symbolHandle, bool, Thread*)+0x14
V  [libjvm.so+0x71c0b0]  SystemDictionary::initialize_wk_klass(SystemDictionary::WKID, int, Thread*)+0xa0
V  [libjvm.so+0x71c119]  SystemDictionary::initialize_wk_klasses_until(SystemDictionary::WKID, SystemDictionary::WKID&, Thread*)+0x59
V  [libjvm.so+0x71c211]  SystemDictionary::initialize_preloaded_classes(Thread*)+0x71
V  [libjvm.so+0x75fa8f]  Universe::genesis(Thread*)+0x11f
V  [libjvm.so+0x76043f]  universe2_init()+0x1f
V  [libjvm.so+0x473f25]  init_globals()+0x95
V  [libjvm.so+0x74a3ca]  Threads::create_vm(JavaVMInitArgs*, bool*)+0x1ea
V  [libjvm.so+0x4cdbf1]  JNI_CreateJavaVM+0x61
C  [java+0x317e]  JavaMain+0x7e


---------------  P R O C E S S  ---------------

Java Threads: ( => current thread )

Other Threads:

=>0x00007fcdf4008000 (exited) JavaThread "Unknown thread" [_thread_in_vm, id=20396, stack(0x00007fcdfb06d000,0x00007fcdfb16e000)]

VM state:not at safepoint (not fully initialized)

VM Mutex/Monitor currently owned by a thread: None

Dynamic libraries:
00400000-00409000 r-xp 00000000 07:00 445595                             /usr/lib/jvm/java-6-openjdk-amd64/jre/bin/java
00608000-00609000 r--p 00008000 07:00 445595                             /usr/lib/jvm/java-6-openjdk-amd64/jre/bin/java
00609000-0060a000 rw-p 00009000 07:00 445595                             /usr/lib/jvm/java-6-openjdk-amd64/jre/bin/java
00803000-00824000 rw-p 00000000 00:00 0                                  [heap]
c0000000-c14c0000 rw-p 00000000 00:00 0 
c14c0000-ca600000 rw-p 00000000 00:00 0 
ca600000-cc9c0000 rw-p 00000000 00:00 0 
cc9c0000-ee200000 rw-p 00000000 00:00 0 
ee200000-ef3e0000 rw-p 00000000 00:00 0 
ef3e0000-100000000 rw-p 00000000 00:00 0 
7fcde4000000-7fcde4021000 rw-p 00000000 00:00 0 
7fcde4021000-7fcde8000000 ---p 00000000 00:00 0 
7fcdec000000-7fcdec021000 rw-p 00000000 00:00 0 
7fcdec021000-7fcdf0000000 ---p 00000000 00:00 0 
7fcdf08b8000-7fcdf097a000 r--s 010b9000 07:00 2182174                    /home/kevin/android-sdks/platforms/android-16/android.jar
7fcdf097a000-7fcdf09a2000 rw-p 00000000 00:00 0 
7fcdf09a2000-7fcdf09a3000 ---p 00000000 00:00 0 
7fcdf09a3000-7fcdf0aa3000 rw-p 00000000 00:00 0 
7fcdf0aa3000-7fcdf0aa4000 ---p 00000000 00:00 0 
7fcdf0aa4000-7fcdf0baf000 rw-p 00000000 00:00 0 
7fcdf0baf000-7fcdf0bf7000 rw-p 00000000 00:00 0 
7fcdf0bf7000-7fcdf0c02000 rw-p 00000000 00:00 0 
7fcdf0c02000-7fcdf0c4a000 rw-p 00000000 00:00 0 
7fcdf0c4a000-7fcdf0c5c000 rw-p 00000000 00:00 0 
7fcdf0c5c000-7fcdf0d68000 rw-p 00000000 00:00 0 
7fcdf0d68000-7fcdf0d71000 rw-p 00000000 00:00 0 
7fcdf0d71000-7fcdf0df7000 rw-p 00000000 00:00 0 
7fcdf0df7000-7fcdf0df8000 rw-p 00000000 00:00 0 
7fcdf0df8000-7fcdf1068000 rwxp 00000000 00:00 0 
7fcdf1068000-7fcdf3df8000 rw-p 00000000 00:00 0 
7fcdf3df8000-7fcdf3dff000 r-xp 00000000 07:00 442514                     /usr/lib/jvm/java-6-openjdk-amd64/jre/lib/amd64/libzip.so
7fcdf3dff000-7fcdf3ffe000 ---p 00007000 07:00 442514                     /usr/lib/jvm/java-6-openjdk-amd64/jre/lib/amd64/libzip.so
7fcdf3ffe000-7fcdf3fff000 r--p 00006000 07:00 442514                     /usr/lib/jvm/java-6-openjdk-amd64/jre/lib/amd64/libzip.so
7fcdf3fff000-7fcdf4000000 rw-p 00007000 07:00 442514                     /usr/lib/jvm/java-6-openjdk-amd64/jre/lib/amd64/libzip.so
7fcdf4000000-7fcdf407b000 rw-p 00000000 00:00 0 
7fcdf407b000-7fcdf8000000 ---p 00000000 00:00 0 
7fcdf8000000-7fcdf8012000 rw-p 00000000 00:00 0 
7fcdf8012000-7fcdf811e000 rw-p 00000000 00:00 0 
7fcdf811e000-7fcdf812a000 r-xp 00000000 07:00 1882165                    /lib/x86_64-linux-gnu/libnss_files-2.15.so
7fcdf812a000-7fcdf8329000 ---p 0000c000 07:00 1882165                    /lib/x86_64-linux-gnu/libnss_files-2.15.so
7fcdf8329000-7fcdf832a000 r--p 0000b000 07:00 1882165                    /lib/x86_64-linux-gnu/libnss_files-2.15.so
7fcdf832a000-7fcdf832b000 rw-p 0000c000 07:00 1882165                    /lib/x86_64-linux-gnu/libnss_files-2.15.so
7fcdf832b000-7fcdf8335000 r-xp 00000000 07:00 1882161                    /lib/x86_64-linux-gnu/libnss_nis-2.15.so
7fcdf8335000-7fcdf8535000 ---p 0000a000 07:00 1882161                    /lib/x86_64-linux-gnu/libnss_nis-2.15.so
7fcdf8535000-7fcdf8536000 r--p 0000a000 07:00 1882161                    /lib/x86_64-linux-gnu/libnss_nis-2.15.so
7fcdf8536000-7fcdf8537000 rw-p 0000b000 07:00 1882161                    /lib/x86_64-linux-gnu/libnss_nis-2.15.so
7fcdf8537000-7fcdf854e000 r-xp 00000000 07:00 1882174                    /lib/x86_64-linux-gnu/libnsl-2.15.so
7fcdf854e000-7fcdf874d000 ---p 00017000 07:00 1882174                    /lib/x86_64-linux-gnu/libnsl-2.15.so
7fcdf874d000-7fcdf874e000 r--p 00016000 07:00 1882174                    /lib/x86_64-linux-gnu/libnsl-2.15.so
7fcdf874e000-7fcdf874f000 rw-p 00017000 07:00 1882174                    /lib/x86_64-linux-gnu/libnsl-2.15.so
7fcdf874f000-7fcdf8751000 rw-p 00000000 00:00 0 
7fcdf8751000-7fcdf8759000 r-xp 00000000 07:00 1882166                    /lib/x86_64-linux-gnu/libnss_compat-2.15.so
7fcdf8759000-7fcdf8958000 ---p 00008000 07:00 1882166                    /lib/x86_64-linux-gnu/libnss_compat-2.15.so
7fcdf8958000-7fcdf8959000 r--p 00007000 07:00 1882166                    /lib/x86_64-linux-gnu/libnss_compat-2.15.so
7fcdf8959000-7fcdf895a000 rw-p 00008000 07:00 1882166                    /lib/x86_64-linux-gnu/libnss_compat-2.15.so
7fcdf895a000-7fcdf8986000 r-xp 00000000 07:00 442502                     /usr/lib/jvm/java-6-openjdk-amd64/jre/lib/amd64/libjava.so
7fcdf8986000-7fcdf8b85000 ---p 0002c000 07:00 442502                     /usr/lib/jvm/java-6-openjdk-amd64/jre/lib/amd64/libjava.so
7fcdf8b85000-7fcdf8b86000 r--p 0002b000 07:00 442502                     /usr/lib/jvm/java-6-openjdk-amd64/jre/lib/amd64/libjava.so
7fcdf8b86000-7fcdf8b89000 rw-p 0002c000 07:00 442502                     /usr/lib/jvm/java-6-openjdk-amd64/jre/lib/amd64/libjava.so
7fcdf8b89000-7fcdf8b97000 r-xp 00000000 07:00 442501                     /usr/lib/jvm/java-6-openjdk-amd64/jre/lib/amd64/libverify.so
7fcdf8b97000-7fcdf8d96000 ---p 0000e000 07:00 442501                     /usr/lib/jvm/java-6-openjdk-amd64/jre/lib/amd64/libverify.so
7fcdf8d96000-7fcdf8d98000 r--p 0000d000 07:00 442501                     /usr/lib/jvm/java-6-openjdk-amd64/jre/lib/amd64/libverify.so
7fcdf8d98000-7fcdf8d99000 rw-p 0000f000 07:00 442501                     /usr/lib/jvm/java-6-openjdk-amd64/jre/lib/amd64/libverify.so
7fcdf8d99000-7fcdf8da0000 r-xp 00000000 07:00 1882159                    /lib/x86_64-linux-gnu/librt-2.15.so
7fcdf8da0000-7fcdf8f9f000 ---p 00007000 07:00 1882159                    /lib/x86_64-linux-gnu/librt-2.15.so
7fcdf8f9f000-7fcdf8fa0000 r--p 00006000 07:00 1882159                    /lib/x86_64-linux-gnu/librt-2.15.so
7fcdf8fa0000-7fcdf8fa1000 rw-p 00007000 07:00 1882159                    /lib/x86_64-linux-gnu/librt-2.15.so
7fcdf8fa1000-7fcdf8fb6000 r-xp 00000000 07:00 205899                     /lib/x86_64-linux-gnu/libgcc_s.so.1
7fcdf8fb6000-7fcdf91b5000 ---p 00015000 07:00 205899                     /lib/x86_64-linux-gnu/libgcc_s.so.1
7fcdf91b5000-7fcdf91b6000 r--p 00014000 07:00 205899                     /lib/x86_64-linux-gnu/libgcc_s.so.1
7fcdf91b6000-7fcdf91b7000 rw-p 00015000 07:00 205899                     /lib/x86_64-linux-gnu/libgcc_s.so.1
7fcdf91b7000-7fcdf92b2000 r-xp 00000000 07:00 1882163                    /lib/x86_64-linux-gnu/libm-2.15.so
7fcdf92b2000-7fcdf94b1000 ---p 000fb000 07:00 1882163                    /lib/x86_64-linux-gnu/libm-2.15.so
7fcdf94b1000-7fcdf94b2000 r--p 000fa000 07:00 1882163                    /lib/x86_64-linux-gnu/libm-2.15.so
7fcdf94b2000-7fcdf94b3000 rw-p 000fb000 07:00 1882163                    /lib/x86_64-linux-gnu/libm-2.15.so
7fcdf94b3000-7fcdf9595000 r-xp 00000000 07:00 164551                     /usr/lib/x86_64-linux-gnu/libstdc++.so.6.0.16
7fcdf9595000-7fcdf9794000 ---p 000e2000 07:00 164551                     /usr/lib/x86_64-linux-gnu/libstdc++.so.6.0.16
7fcdf9794000-7fcdf979c000 r--p 000e1000 07:00 164551                     /usr/lib/x86_64-linux-gnu/libstdc++.so.6.0.16
7fcdf979c000-7fcdf979e000 rw-p 000e9000 07:00 164551                     /usr/lib/x86_64-linux-gnu/libstdc++.so.6.0.16
7fcdf979e000-7fcdf97b3000 rw-p 00000000 00:00 0 
7fcdf97b3000-7fcdfa0b7000 r-xp 00000000 07:00 443406                     /usr/lib/jvm/java-6-openjdk-amd64/jre/lib/amd64/server/libjvm.so
7fcdfa0b7000-7fcdfa2b7000 ---p 00904000 07:00 443406                     /usr/lib/jvm/java-6-openjdk-amd64/jre/lib/amd64/server/libjvm.so
7fcdfa2b7000-7fcdfa337000 r--p 00904000 07:00 443406                     /usr/lib/jvm/java-6-openjdk-amd64/jre/lib/amd64/server/libjvm.so
7fcdfa337000-7fcdfa352000 rw-p 00984000 07:00 443406                     /usr/lib/jvm/java-6-openjdk-amd64/jre/lib/amd64/server/libjvm.so
7fcdfa352000-7fcdfa37b000 rw-p 00000000 00:00 0 
7fcdfa37b000-7fcdfa391000 r-xp 00000000 07:00 205925                     /lib/x86_64-linux-gnu/libz.so.1.2.3.4
7fcdfa391000-7fcdfa590000 ---p 00016000 07:00 205925                     /lib/x86_64-linux-gnu/libz.so.1.2.3.4
7fcdfa590000-7fcdfa591000 r--p 00015000 07:00 205925                     /lib/x86_64-linux-gnu/libz.so.1.2.3.4
7fcdfa591000-7fcdfa592000 rw-p 00016000 07:00 205925                     /lib/x86_64-linux-gnu/libz.so.1.2.3.4
7fcdfa592000-7fcdfa744000 r-xp 00000000 07:00 1882155                    /lib/x86_64-linux-gnu/libc-2.15.so
7fcdfa744000-7fcdfa944000 ---p 001b2000 07:00 1882155                    /lib/x86_64-linux-gnu/libc-2.15.so
7fcdfa944000-7fcdfa948000 r--p 001b2000 07:00 1882155                    /lib/x86_64-linux-gnu/libc-2.15.so
7fcdfa948000-7fcdfa94a000 rw-p 001b6000 07:00 1882155                    /lib/x86_64-linux-gnu/libc-2.15.so
7fcdfa94a000-7fcdfa94f000 rw-p 00000000 00:00 0 
7fcdfa94f000-7fcdfa951000 r-xp 00000000 07:00 309357                     /lib/x86_64-linux-gnu/libdl-2.15.so
7fcdfa951000-7fcdfab51000 ---p 00002000 07:00 309357                     /lib/x86_64-linux-gnu/libdl-2.15.so
7fcdfab51000-7fcdfab52000 r--p 00002000 07:00 309357                     /lib/x86_64-linux-gnu/libdl-2.15.so
7fcdfab52000-7fcdfab53000 rw-p 00003000 07:00 309357                     /lib/x86_64-linux-gnu/libdl-2.15.so
7fcdfab53000-7fcdfab57000 r-xp 00000000 07:00 442487                     /usr/lib/jvm/java-6-openjdk-amd64/jre/lib/amd64/jli/libjli.so
7fcdfab57000-7fcdfad56000 ---p 00004000 07:00 442487                     /usr/lib/jvm/java-6-openjdk-amd64/jre/lib/amd64/jli/libjli.so
7fcdfad56000-7fcdfad57000 r--p 00003000 07:00 442487                     /usr/lib/jvm/java-6-openjdk-amd64/jre/lib/amd64/jli/libjli.so
7fcdfad57000-7fcdfad58000 rw-p 00004000 07:00 442487                     /usr/lib/jvm/java-6-openjdk-amd64/jre/lib/amd64/jli/libjli.so
7fcdfad58000-7fcdfad70000 r-xp 00000000 07:00 1882157                    /lib/x86_64-linux-gnu/libpthread-2.15.so
7fcdfad70000-7fcdfaf6f000 ---p 00018000 07:00 1882157                    /lib/x86_64-linux-gnu/libpthread-2.15.so
7fcdfaf6f000-7fcdfaf70000 r--p 00017000 07:00 1882157                    /lib/x86_64-linux-gnu/libpthread-2.15.so
7fcdfaf70000-7fcdfaf71000 rw-p 00018000 07:00 1882157                    /lib/x86_64-linux-gnu/libpthread-2.15.so
7fcdfaf71000-7fcdfaf75000 rw-p 00000000 00:00 0 
7fcdfaf75000-7fcdfaf97000 r-xp 00000000 07:00 1882169                    /lib/x86_64-linux-gnu/ld-2.15.so
7fcdfafad000-7fcdfafb7000 rw-p 00000000 00:00 0 
7fcdfafb7000-7fcdfb06d000 rw-p 00000000 00:00 0 
7fcdfb06d000-7fcdfb070000 ---p 00000000 00:00 0 
7fcdfb070000-7fcdfb173000 rw-p 00000000 00:00 0 
7fcdfb18b000-7fcdfb193000 rw-s 00000000 07:00 159076                     /tmp/hsperfdata_kevin/20391
7fcdfb193000-7fcdfb194000 rw-p 00000000 00:00 0 
7fcdfb194000-7fcdfb195000 r--p 00000000 00:00 0 
7fcdfb195000-7fcdfb197000 rw-p 00000000 00:00 0 
7fcdfb197000-7fcdfb198000 r--p 00022000 07:00 1882169                    /lib/x86_64-linux-gnu/ld-2.15.so
7fcdfb198000-7fcdfb19a000 rw-p 00023000 07:00 1882169                    /lib/x86_64-linux-gnu/ld-2.15.so
7fffb03f7000-7fffb0418000 rw-p 00000000 00:00 0                          [stack]
7fffb046e000-7fffb046f000 r-xp 00000000 00:00 0                          [vdso]
ffffffffff600000-ffffffffff601000 r-xp 00000000 00:00 0                  [vsyscall]

VM Arguments:
jvm_args: -Dfile.encoding=UTF-8 -Xbootclasspath:/home/kevin/android-sdks/platforms/android-16/android.jar:/home/kevin/android-sdks/add-ons/addon-google_apis-google-16/libs/effects.jar:/home/kevin/android-sdks/add-ons/addon-google_apis-google-16/libs/usb.jar:/home/kevin/android-sdks/add-ons/addon-google_apis-google-16/libs/maps.jar 
java_command: com.kevingil.gwhs.DailyBulletin
Launcher Type: SUN_STANDARD

Environment Variables:
PATH=/usr/lib/lightdm/lightdm:/usr/local/sbin:/usr/local/bin:/usr/sbin:/usr/bin:/sbin:/bin:/usr/games
LD_LIBRARY_PATH=/usr/lib/jvm/java-6-openjdk-amd64/jre/lib/amd64/server:/usr/lib/jvm/java-6-openjdk-amd64/jre/lib/amd64:/usr/lib/jvm/java-6-openjdk-amd64/jre/../lib/amd64
SHELL=/bin/bash
DISPLAY=:0.0

Signal Handlers:
SIGSEGV: [libjvm.so+0x784310], sa_mask[0]=0x7ffbfeff, sa_flags=0x10000004
SIGBUS: [libjvm.so+0x784310], sa_mask[0]=0x7ffbfeff, sa_flags=0x10000004
SIGFPE: [libjvm.so+0x648580], sa_mask[0]=0x7ffbfeff, sa_flags=0x10000004
SIGPIPE: [libjvm.so+0x648580], sa_mask[0]=0x7ffbfeff, sa_flags=0x10000004
SIGXFSZ: [libjvm.so+0x648580], sa_mask[0]=0x7ffbfeff, sa_flags=0x10000004
SIGILL: [libjvm.so+0x648580], sa_mask[0]=0x7ffbfeff, sa_flags=0x10000004
SIGUSR1: SIG_DFL, sa_mask[0]=0x00000000, sa_flags=0x00000000
SIGUSR2: [libjvm.so+0x648730], sa_mask[0]=0x00000004, sa_flags=0x10000004
SIGHUP: SIG_DFL, sa_mask[0]=0x00000000, sa_flags=0x00000000
SIGINT: SIG_DFL, sa_mask[0]=0x00000000, sa_flags=0x00000000
SIGTERM: SIG_DFL, sa_mask[0]=0x00000000, sa_flags=0x00000000
SIGQUIT: SIG_DFL, sa_mask[0]=0x00000000, sa_flags=0x00000000


---------------  S Y S T E M  ---------------

OS:Ubuntu 12.04 (precise)
uname:Linux 3.2.0-30-generic #48-Ubuntu SMP Fri Aug 24 16:52:48 UTC 2012 x86_64
libc:glibc 2.15 NPTL 2.15 
rlimit: STACK 8192k, CORE 0k, NPROC 27303, NOFILE 4096, AS infinity
load average:0.67 2.36 2.55

/proc/meminfo:
MemTotal:        3512416 kB
MemFree:          147512 kB
Buffers:          618384 kB
Cached:           987208 kB
SwapCached:         7052 kB
Active:          1702732 kB
Inactive:        1274188 kB
Active(anon):    1029068 kB
Inactive(anon):   346196 kB
Active(file):     673664 kB
Inactive(file):   927992 kB
Unevictable:         312 kB
Mlocked:              16 kB
SwapTotal:        262140 kB
SwapFree:         254960 kB
Dirty:              8764 kB
Writeback:             0 kB
AnonPages:       1364812 kB
Mapped:           222856 kB
Shmem:              3748 kB
Slab:             123172 kB
SReclaimable:      96160 kB
SUnreclaim:        27012 kB
KernelStack:        4192 kB
PageTables:        35244 kB
NFS_Unstable:          0 kB
Bounce:                0 kB
WritebackTmp:          0 kB
CommitLimit:     2018348 kB
Committed_AS:    4019336 kB
VmallocTotal:   34359738367 kB
VmallocUsed:      113948 kB
VmallocChunk:   34359621116 kB
HardwareCorrupted:     0 kB
AnonHugePages:         0 kB
HugePages_Total:       0
HugePages_Free:        0
HugePages_Rsvd:        0
HugePages_Surp:        0
Hugepagesize:       2048 kB
DirectMap4k:      314368 kB
DirectMap2M:     3338240 kB
DirectMap1G:           0 kB


CPU:total 2 (2 cores per cpu, 1 threads per core) family 18 model 1 stepping 0, cmov, cx8, fxsr, mmx, sse, sse2, sse3, popcnt, mmxext, 3dnowpref, lzcnt, sse4a

Memory: 4k page, physical 3512416k(147512k free), swap 262140k(254960k free)

vm_info: OpenJDK 64-Bit Server VM (20.0-b12) for linux-amd64 JRE (1.6.0_24-b24), built on Sep  2 2012 19:50:47 by "buildd" with gcc 4.6.3

time: Sun Sep 30 20:16:03 2012
elapsed time: 0 seconds

